TN:
SF:src/config/env.ts
FN:8,parseCommaSeparated
FN:10,(anonymous_10)
FNF:2
FNH:0
FNDA:0,parseCommaSeparated
FNDA:0,(anonymous_10)
DA:1,0
DA:2,0
DA:9,0
DA:10,0
DA:13,0
LF:5
LH:0
BRDA:9,0,0,0
BRDA:9,0,1,0
BRDA:14,1,0,0
BRDA:14,1,1,0
BRDA:15,2,0,0
BRDA:15,2,1,0
BRDA:16,3,0,0
BRDA:16,3,1,0
BRDA:17,4,0,0
BRDA:17,4,1,0
BRDA:19,5,0,0
BRDA:19,5,1,0
BRDA:27,6,0,0
BRDA:27,6,1,0
BRF:14
BRH:0
end_of_record
TN:
SF:src/db/mongoose.ts
FN:8,buildMongoUri
FN:72,connectToDatabase
FNF:2
FNH:0
FNDA:0,buildMongoUri
FNDA:0,connectToDatabase
DA:1,0
DA:2,0
DA:9,0
DA:10,0
DA:15,0
DA:21,0
DA:24,0
DA:25,0
DA:30,0
DA:31,0
DA:32,0
DA:35,0
DA:36,0
DA:39,0
DA:41,0
DA:43,0
DA:44,0
DA:47,0
DA:48,0
DA:49,0
DA:51,0
DA:55,0
DA:56,0
DA:57,0
DA:59,0
DA:64,0
DA:67,0
DA:69,0
DA:72,0
DA:73,0
DA:74,0
DA:76,0
DA:84,0
DA:87,0
DA:88,0
LF:35
LH:0
BRDA:9,0,0,0
BRDA:9,0,1,0
BRDA:15,1,0,0
BRDA:15,1,1,0
BRDA:24,2,0,0
BRDA:24,2,1,0
BRDA:31,3,0,0
BRDA:31,3,1,0
BRDA:41,4,0,0
BRDA:41,4,1,0
BRDA:48,5,0,0
BRDA:48,5,1,0
BRDA:56,6,0,0
BRDA:56,6,1,0
BRF:14
BRH:0
end_of_record
TN:
SF:src/middleware/rateLimiter.ts
FNF:0
FNH:0
DA:1,0
DA:7,0
DA:23,0
DA:38,0
LF:4
LH:0
BRF:0
BRH:0
end_of_record
TN:
SF:src/middleware/requireAuth.ts
FN:19,requireAuth
FNF:1
FNH:0
FNDA:0,requireAuth
DA:2,0
DA:3,0
DA:19,0
DA:20,0
DA:21,0
DA:22,0
DA:25,0
DA:26,0
DA:31,0
DA:32,0
DA:33,0
DA:38,0
DA:46,0
DA:47,0
DA:49,0
DA:50,0
DA:51,0
DA:56,0
LF:18
LH:0
BRDA:21,0,0,0
BRDA:21,0,1,0
BRDA:22,1,0,0
BRDA:22,1,1,0
BRDA:25,2,0,0
BRDA:25,2,1,0
BRDA:32,3,0,0
BRDA:32,3,1,0
BRDA:32,4,0,0
BRDA:32,4,1,0
BRDA:32,4,2,0
BRDA:49,5,0,0
BRDA:49,5,1,0
BRDA:50,6,0,0
BRDA:50,6,1,0
BRF:15
BRH:0
end_of_record
TN:
SF:src/middleware/requireTeamMemberAccess.ts
FN:38,canAccessUser
FN:66,getAccessibleUsers
FN:94,requireManagerAuth
FN:156,getCachedManagerId
FN:163,getOrCacheAccessibleUsers
FNF:5
FNH:0
FNDA:0,canAccessUser
FNDA:0,getAccessibleUsers
FNDA:0,requireManagerAuth
FNDA:0,getCachedManagerId
FNDA:0,getOrCacheAccessibleUsers
DA:2,0
DA:3,0
DA:4,0
DA:38,0
DA:43,0
DA:45,0
DA:52,0
DA:54,0
DA:55,0
DA:66,0
DA:69,0
DA:70,0
DA:78,0
DA:79,0
DA:80,0
DA:83,0
DA:85,0
DA:86,0
DA:94,0
DA:99,0
DA:100,0
DA:102,0
DA:103,0
DA:107,0
DA:111,0
DA:112,0
DA:116,0
DA:120,0
DA:121,0
DA:123,0
DA:124,0
DA:128,0
DA:132,0
DA:133,0
DA:137,0
DA:141,0
DA:145,0
DA:147,0
DA:148,0
DA:156,0
DA:157,0
DA:163,0
DA:166,0
DA:167,0
DA:170,0
DA:171,0
DA:172,0
DA:173,0
DA:175,0
DA:178,0
LF:50
LH:0
BRDA:100,0,0,0
BRDA:100,0,1,0
BRDA:102,1,0,0
BRDA:102,1,1,0
BRDA:111,2,0,0
BRDA:111,2,1,0
BRDA:123,3,0,0
BRDA:123,3,1,0
BRDA:132,4,0,0
BRDA:132,4,1,0
BRDA:132,5,0,0
BRDA:132,5,1,0
BRDA:157,6,0,0
BRDA:157,6,1,0
BRDA:166,7,0,0
BRDA:166,7,1,0
BRDA:170,8,0,0
BRDA:170,8,1,0
BRDA:172,9,0,0
BRDA:172,9,1,0
BRF:20
BRH:0
end_of_record
TN:
SF:src/models/availability.ts
FNF:0
FNH:0
DA:1,0
DA:13,0
DA:24,0
DA:26,0
LF:4
LH:0
BRDA:27,0,0,0
BRDA:27,0,1,0
BRF:2
BRH:0
end_of_record
TN:
SF:src/models/chatMessage.ts
FNF:0
FNH:0
DA:1,0
DA:26,0
DA:75,0
DA:78,0
DA:79,0
DA:81,0
LF:6
LH:0
BRDA:82,0,0,0
BRDA:82,0,1,0
BRF:2
BRH:0
end_of_record
TN:
SF:src/models/client.ts
FN:22,normalizeName
FNF:1
FNH:1
FNDA:26,normalizeName
DA:1,4
DA:11,4
DA:20,4
DA:22,4
DA:23,26
DA:24,25
DA:26,26
DA:29,4
LF:8
LH:8
BRDA:23,0,0,25
BRDA:23,0,1,1
BRDA:30,1,0,4
BRDA:30,1,1,4
BRF:4
BRH:4
end_of_record
TN:
SF:src/models/conversation.ts
FNF:0
FNH:0
DA:1,0
DA:14,0
DA:37,0
DA:40,0
DA:41,0
DA:43,0
LF:6
LH:0
BRDA:44,0,0,0
BRDA:44,0,1,0
BRF:2
BRH:0
end_of_record
TN:
SF:src/models/event.ts
FN:239,(anonymous_9)
FNF:1
FNH:1
FNDA:15,(anonymous_9)
DA:1,1
DA:126,1
DA:135,1
DA:176,1
DA:187,1
DA:240,15
DA:284,1
DA:288,1
DA:291,1
DA:293,1
LF:10
LH:10
BRDA:240,0,0,15
BRDA:240,0,1,15
BRDA:294,1,0,1
BRDA:294,1,1,1
BRF:4
BRH:4
end_of_record
TN:
SF:src/models/eventChatMessage.ts
FNF:0
FNH:0
DA:1,0
DA:24,0
DA:82,0
DA:84,0
LF:4
LH:0
BRDA:85,0,0,0
BRDA:85,0,1,0
BRF:2
BRH:0
end_of_record
TN:
SF:src/models/manager.ts
FNF:0
FNH:0
DA:1,4
DA:48,4
DA:93,4
DA:94,4
DA:96,4
LF:5
LH:5
BRDA:97,0,0,4
BRDA:97,0,1,4
BRF:2
BRH:2
end_of_record
TN:
SF:src/models/notification.ts
FNF:0
FNH:0
DA:1,0
DA:30,0
DA:93,0
DA:94,0
DA:95,0
DA:96,0
DA:97,0
DA:99,0
LF:8
LH:0
BRDA:100,0,0,0
BRDA:100,0,1,0
BRF:2
BRH:0
end_of_record
TN:
SF:src/models/role.ts
FN:22,normalizeName
FNF:1
FNH:1
FNDA:26,normalizeName
DA:1,4
DA:11,4
DA:20,4
DA:22,4
DA:23,26
DA:24,25
DA:26,26
DA:29,4
LF:8
LH:8
BRDA:23,0,0,25
BRDA:23,0,1,1
BRDA:30,1,0,4
BRDA:30,1,1,4
BRF:4
BRH:4
end_of_record
TN:
SF:src/models/tariff.ts
FNF:0
FNH:0
DA:1,1
DA:13,1
DA:24,1
DA:26,1
LF:4
LH:4
BRDA:27,0,0,1
BRDA:27,0,1,1
BRF:2
BRH:2
end_of_record
TN:
SF:src/models/team.ts
FN:13,normalizeName
FN:30,(anonymous_10)
FNF:2
FNH:0
FNDA:0,normalizeName
FNDA:0,(anonymous_10)
DA:1,0
DA:14,0
DA:17,0
DA:28,0
DA:30,0
DA:31,0
DA:32,0
DA:33,0
DA:35,0
DA:38,0
DA:41,0
LF:11
LH:0
BRDA:31,0,0,0
BRDA:31,0,1,0
BRDA:39,1,0,0
BRDA:39,1,1,0
BRF:4
BRH:0
end_of_record
TN:
SF:src/models/teamInvite.ts
FNF:0
FNH:0
DA:1,0
DA:27,0
DA:53,0
DA:54,0
DA:55,0
DA:57,0
LF:6
LH:0
BRDA:58,0,0,0
BRDA:58,0,1,0
BRF:2
BRH:0
end_of_record
TN:
SF:src/models/teamMember.ts
FNF:0
FNH:0
DA:1,0
DA:19,0
DA:38,0
DA:39,0
DA:41,0
DA:43,0
LF:6
LH:0
BRDA:44,0,0,0
BRDA:44,0,1,0
BRF:2
BRH:0
end_of_record
TN:
SF:src/models/teamMessage.ts
FNF:0
FNH:0
DA:1,0
DA:21,0
DA:38,0
DA:40,0
LF:4
LH:0
BRDA:41,0,0,0
BRDA:41,0,1,0
BRF:2
BRH:0
end_of_record
TN:
SF:src/models/user.ts
FN:90,(anonymous_9)
FNF:1
FNH:0
FNDA:0,(anonymous_9)
DA:1,0
DA:44,0
DA:91,0
DA:92,0
DA:93,0
DA:94,0
DA:95,0
DA:102,0
DA:103,0
DA:104,0
DA:106,0
LF:11
LH:0
BRDA:107,0,0,0
BRDA:107,0,1,0
BRF:2
BRH:0
end_of_record
TN:
SF:src/routes/admin.ts
FN:10,(anonymous_1)
FNF:1
FNH:0
FNDA:0,(anonymous_1)
DA:1,0
DA:2,0
DA:4,0
DA:10,0
DA:11,0
DA:12,0
DA:15,0
DA:16,0
DA:18,0
DA:19,0
DA:20,0
DA:21,0
DA:24,0
DA:25,0
DA:26,0
DA:27,0
DA:28,0
DA:29,0
DA:30,0
DA:34,0
DA:35,0
DA:36,0
DA:37,0
DA:39,0
DA:40,0
DA:48,0
DA:49,0
DA:50,0
DA:52,0
DA:55,0
DA:56,0
DA:57,0
DA:61,0
DA:66,0
DA:68,0
DA:69,0
DA:72,0
DA:77,0
DA:78,0
DA:79,0
DA:82,0
DA:83,0
DA:84,0
DA:85,0
DA:87,0
DA:88,0
DA:89,0
DA:90,0
DA:91,0
DA:92,0
DA:93,0
DA:97,0
DA:106,0
DA:107,0
DA:114,0
LF:55
LH:0
BRDA:25,0,0,0
BRDA:25,0,1,0
BRDA:27,1,0,0
BRDA:27,1,1,0
BRDA:29,2,0,0
BRDA:29,2,1,0
BRDA:39,3,0,0
BRDA:39,3,1,0
BRDA:49,4,0,0
BRDA:49,4,1,0
BRDA:49,5,0,0
BRDA:49,5,1,0
BRDA:55,6,0,0
BRDA:55,6,1,0
BRDA:68,7,0,0
BRDA:68,7,1,0
BRDA:88,8,0,0
BRDA:88,8,1,0
BRDA:90,9,0,0
BRDA:90,9,1,0
BRDA:92,10,0,0
BRDA:92,10,1,0
BRF:22
BRH:0
end_of_record
TN:
SF:src/routes/ai.ts
FN:25,(anonymous_1)
FN:33,(anonymous_2)
FN:45,getTimezoneFromRequest
FN:85,(anonymous_4)
FN:106,(anonymous_5)
FN:168,(anonymous_6)
FN:182,(anonymous_7)
FN:200,(anonymous_8)
FN:206,(anonymous_9)
FN:215,(anonymous_10)
FN:228,(anonymous_11)
FN:244,(anonymous_12)
FN:245,(anonymous_13)
FN:262,(anonymous_14)
FN:314,(anonymous_15)
FN:684,executeFunctionCall
FN:741,(anonymous_17)
FN:755,(anonymous_18)
FN:801,(anonymous_19)
FN:843,(anonymous_20)
FN:888,(anonymous_21)
FN:895,(anonymous_22)
FN:1067,(anonymous_23)
FN:1088,(anonymous_24)
FN:1118,(anonymous_25)
FN:1144,(anonymous_26)
FN:1175,(anonymous_27)
FN:1198,(anonymous_28)
FN:1318,(anonymous_29)
FN:1355,handleGroqRequest
FN:1431,(anonymous_31)
FN:1471,(anonymous_32)
FN:1481,(anonymous_33)
FN:1520,(anonymous_34)
FN:1551,(anonymous_35)
FN:1569,(anonymous_36)
FN:1599,(anonymous_37)
FN:1614,callOpenAIWithRetries
FN:1624,(anonymous_39)
FN:1630,(anonymous_40)
FN:1642,(anonymous_41)
FN:1653,(anonymous_42)
FN:1783,(anonymous_43)
FN:1869,(anonymous_44)
FN:1870,(anonymous_45)
FN:1880,(anonymous_46)
FN:1900,(anonymous_47)
FN:1906,(anonymous_48)
FN:1912,(anonymous_49)
FN:1915,(anonymous_50)
FN:1916,(anonymous_51)
FN:1958,(anonymous_52)
FNF:52
FNH:0
FNDA:0,(anonymous_1)
FNDA:0,(anonymous_2)
FNDA:0,getTimezoneFromRequest
FNDA:0,(anonymous_4)
FNDA:0,(anonymous_5)
FNDA:0,(anonymous_6)
FNDA:0,(anonymous_7)
FNDA:0,(anonymous_8)
FNDA:0,(anonymous_9)
FNDA:0,(anonymous_10)
FNDA:0,(anonymous_11)
FNDA:0,(anonymous_12)
FNDA:0,(anonymous_13)
FNDA:0,(anonymous_14)
FNDA:0,(anonymous_15)
FNDA:0,executeFunctionCall
FNDA:0,(anonymous_17)
FNDA:0,(anonymous_18)
FNDA:0,(anonymous_19)
FNDA:0,(anonymous_20)
FNDA:0,(anonymous_21)
FNDA:0,(anonymous_22)
FNDA:0,(anonymous_23)
FNDA:0,(anonymous_24)
FNDA:0,(anonymous_25)
FNDA:0,(anonymous_26)
FNDA:0,(anonymous_27)
FNDA:0,(anonymous_28)
FNDA:0,(anonymous_29)
FNDA:0,handleGroqRequest
FNDA:0,(anonymous_31)
FNDA:0,(anonymous_32)
FNDA:0,(anonymous_33)
FNDA:0,(anonymous_34)
FNDA:0,(anonymous_35)
FNDA:0,(anonymous_36)
FNDA:0,(anonymous_37)
FNDA:0,callOpenAIWithRetries
FNDA:0,(anonymous_39)
FNDA:0,(anonymous_40)
FNDA:0,(anonymous_41)
FNDA:0,(anonymous_42)
FNDA:0,(anonymous_43)
FNDA:0,(anonymous_44)
FNDA:0,(anonymous_45)
FNDA:0,(anonymous_46)
FNDA:0,(anonymous_47)
FNDA:0,(anonymous_48)
FNDA:0,(anonymous_49)
FNDA:0,(anonymous_50)
FNDA:0,(anonymous_51)
FNDA:0,(anonymous_52)
DA:1,0
DA:2,0
DA:4,0
DA:5,0
DA:6,0
DA:7,0
DA:8,0
DA:9,0
DA:10,0
DA:11,0
DA:12,0
DA:13,0
DA:14,0
DA:15,0
DA:16,0
DA:17,0
DA:19,0
DA:22,0
DA:26,0
DA:27,0
DA:37,0
DA:46,0
DA:49,0
DA:50,0
DA:53,0
DA:54,0
DA:58,0
DA:59,0
DA:60,0
DA:64,0
DA:66,0
DA:67,0
DA:68,0
DA:71,0
DA:72,0
DA:74,0
DA:75,0
DA:85,0
DA:86,0
DA:87,0
DA:89,0
DA:96,0
DA:97,0
DA:106,0
DA:107,0
DA:108,0
DA:110,0
DA:111,0
DA:114,0
DA:117,0
DA:121,0
DA:122,0
DA:126,0
DA:132,0
DA:135,0
DA:141,0
DA:144,0
DA:150,0
DA:153,0
DA:154,0
DA:156,0
DA:165,0
DA:168,0
DA:169,0
DA:170,0
DA:171,0
DA:173,0
DA:178,0
DA:182,0
DA:183,0
DA:184,0
DA:191,0
DA:200,0
DA:206,0
DA:215,0
DA:228,0
DA:244,0
DA:245,0
DA:249,0
DA:251,0
DA:252,0
DA:262,0
DA:263,0
DA:265,0
DA:266,0
DA:267,0
DA:270,0
DA:272,0
DA:273,0
DA:274,0
DA:275,0
DA:280,0
DA:281,0
DA:283,0
DA:286,0
DA:289,0
DA:290,0
DA:294,0
DA:301,0
DA:302,0
DA:304,0
DA:309,0
DA:311,0
DA:314,0
DA:318,0
DA:319,0
DA:320,0
DA:323,0
DA:324,0
DA:325,0
DA:326,0
DA:330,0
DA:336,0
DA:337,0
DA:338,0
DA:341,0
DA:343,0
DA:349,0
DA:350,0
DA:351,0
DA:353,0
DA:357,0
DA:358,0
DA:359,0
DA:361,0
DA:366,0
DA:372,0
DA:398,0
DA:689,0
DA:691,0
DA:692,0
DA:694,0
DA:695,0
DA:697,0
DA:698,0
DA:701,0
DA:702,0
DA:709,0
DA:716,0
DA:717,0
DA:719,0
DA:720,0
DA:722,0
DA:723,0
DA:727,0
DA:736,0
DA:737,0
DA:739,0
DA:740,0
DA:741,0
DA:742,0
DA:745,0
DA:748,0
DA:752,0
DA:755,0
DA:756,0
DA:759,0
DA:763,0
DA:765,0
DA:766,0
DA:768,0
DA:769,0
DA:773,0
DA:778,0
DA:787,0
DA:788,0
DA:790,0
DA:791,0
DA:792,0
DA:795,0
DA:796,0
DA:800,0
DA:801,0
DA:802,0
DA:805,0
DA:808,0
DA:809,0
DA:814,0
DA:815,0
DA:817,0
DA:818,0
DA:819,0
DA:821,0
DA:822,0
DA:824,0
DA:825,0
DA:826,0
DA:827,0
DA:830,0
DA:834,0
DA:839,0
DA:840,0
DA:843,0
DA:844,0
DA:847,0
DA:851,0
DA:853,0
DA:857,0
DA:859,0
DA:864,0
DA:865,0
DA:869,0
DA:878,0
DA:885,0
DA:886,0
DA:887,0
DA:888,0
DA:890,0
DA:893,0
DA:894,0
DA:895,0
DA:896,0
DA:897,0
DA:900,0
DA:903,0
DA:907,0
DA:908,0
DA:911,0
DA:916,0
DA:917,0
DA:921,0
DA:926,0
DA:930,0
DA:931,0
DA:934,0
DA:939,0
DA:940,0
DA:944,0
DA:949,0
DA:953,0
DA:956,0
DA:961,0
DA:962,0
DA:966,0
DA:971,0
DA:972,0
DA:976,0
DA:996,0
DA:997,0
DA:999,0
DA:1017,0
DA:1020,0
DA:1021,0
DA:1025,0
DA:1026,0
DA:1030,0
DA:1031,0
DA:1034,0
DA:1048,0
DA:1049,0
DA:1050,0
DA:1051,0
DA:1052,0
DA:1053,0
DA:1054,0
DA:1056,0
DA:1058,0
DA:1059,0
DA:1060,0
DA:1061,0
DA:1062,0
DA:1063,0
DA:1064,0
DA:1065,0
DA:1066,0
DA:1067,0
DA:1068,0
DA:1071,0
DA:1072,0
DA:1073,0
DA:1075,0
DA:1079,0
DA:1084,0
DA:1085,0
DA:1088,0
DA:1089,0
DA:1093,0
DA:1095,0
DA:1096,0
DA:1097,0
DA:1100,0
DA:1101,0
DA:1102,0
DA:1103,0
DA:1104,0
DA:1106,0
DA:1108,0
DA:1114,0
DA:1115,0
DA:1118,0
DA:1119,0
DA:1120,0
DA:1121,0
DA:1124,0
DA:1128,0
DA:1130,0
DA:1131,0
DA:1132,0
DA:1135,0
DA:1140,0
DA:1141,0
DA:1144,0
DA:1145,0
DA:1146,0
DA:1147,0
DA:1150,0
DA:1154,0
DA:1156,0
DA:1162,0
DA:1163,0
DA:1167,0
DA:1168,0
DA:1169,0
DA:1170,0
DA:1174,0
DA:1175,0
DA:1176,0
DA:1179,0
DA:1183,0
DA:1186,0
DA:1187,0
DA:1198,0
DA:1199,0
DA:1200,0
DA:1201,0
DA:1204,0
DA:1206,0
DA:1207,0
DA:1208,0
DA:1212,0
DA:1213,0
DA:1214,0
DA:1217,0
DA:1220,0
DA:1222,0
DA:1245,0
DA:1260,0
DA:1266,0
DA:1272,0
DA:1273,0
DA:1274,0
DA:1275,0
DA:1276,0
DA:1277,0
DA:1281,0
DA:1287,0
DA:1290,0
DA:1291,0
DA:1292,0
DA:1293,0
DA:1294,0
DA:1295,0
DA:1296,0
DA:1298,0
DA:1299,0
DA:1303,0
DA:1305,0
DA:1306,0
DA:1307,0
DA:1309,0
DA:1318,0
DA:1319,0
DA:1320,0
DA:1321,0
DA:1323,0
DA:1326,0
DA:1327,0
DA:1328,0
DA:1332,0
DA:1335,0
DA:1337,0
DA:1338,0
DA:1339,0
DA:1341,0
DA:1342,0
DA:1346,0
DA:1364,0
DA:1365,0
DA:1366,0
DA:1367,0
DA:1371,0
DA:1372,0
DA:1374,0
DA:1377,0
DA:1385,0
DA:1399,0
DA:1402,0
DA:1405,0
DA:1406,0
DA:1408,0
DA:1409,0
DA:1410,0
DA:1414,0
DA:1416,0
DA:1423,0
DA:1424,0
DA:1431,0
DA:1441,0
DA:1451,0
DA:1452,0
DA:1455,0
DA:1461,0
DA:1462,0
DA:1464,0
DA:1465,0
DA:1466,0
DA:1468,0
DA:1471,0
DA:1474,0
DA:1477,0
DA:1478,0
DA:1479,0
DA:1480,0
DA:1481,0
DA:1482,0
DA:1484,0
DA:1490,0
DA:1491,0
DA:1494,0
DA:1496,0
DA:1503,0
DA:1504,0
DA:1505,0
DA:1508,0
DA:1511,0
DA:1512,0
DA:1514,0
DA:1515,0
DA:1519,0
DA:1521,0
DA:1522,0
DA:1524,0
DA:1526,0
DA:1528,0
DA:1537,0
DA:1543,0
DA:1551,0
DA:1554,0
DA:1555,0
DA:1556,0
DA:1559,0
DA:1561,0
DA:1562,0
DA:1565,0
DA:1569,0
DA:1574,0
DA:1575,0
DA:1576,0
DA:1579,0
DA:1586,0
DA:1587,0
DA:1594,0
DA:1597,0
DA:1598,0
DA:1599,0
DA:1604,0
DA:1620,0
DA:1621,0
DA:1622,0
DA:1623,0
DA:1624,0
DA:1626,0
DA:1627,0
DA:1628,0
DA:1629,0
DA:1630,0
DA:1631,0
DA:1635,0
DA:1637,0
DA:1638,0
DA:1640,0
DA:1641,0
DA:1642,0
DA:1645,0
DA:1653,0
DA:1654,0
DA:1655,0
DA:1657,0
DA:1658,0
DA:1661,0
DA:1663,0
DA:1664,0
DA:1665,0
DA:1666,0
DA:1670,0
DA:1671,0
DA:1674,0
DA:1679,0
DA:1680,0
DA:1683,0
DA:1686,0
DA:1687,0
DA:1690,0
DA:1691,0
DA:1696,0
DA:1698,0
DA:1727,0
DA:1763,0
DA:1769,0
DA:1778,0
DA:1780,0
DA:1783,0
DA:1786,0
DA:1787,0
DA:1788,0
DA:1795,0
DA:1797,0
DA:1798,0
DA:1799,0
DA:1802,0
DA:1803,0
DA:1807,0
DA:1809,0
DA:1812,0
DA:1813,0
DA:1820,0
DA:1821,0
DA:1824,0
DA:1825,0
DA:1827,0
DA:1828,0
DA:1831,0
DA:1832,0
DA:1833,0
DA:1835,0
DA:1836,0
DA:1837,0
DA:1838,0
DA:1839,0
DA:1840,0
DA:1841,0
DA:1846,0
DA:1847,0
DA:1850,0
DA:1851,0
DA:1854,0
DA:1856,0
DA:1857,0
DA:1858,0
DA:1861,0
DA:1862,0
DA:1863,0
DA:1864,0
DA:1868,0
DA:1869,0
DA:1870,0
DA:1878,0
DA:1879,0
DA:1881,0
DA:1882,0
DA:1883,0
DA:1885,0
DA:1886,0
DA:1890,0
DA:1891,0
DA:1894,0
DA:1895,0
DA:1899,0
DA:1900,0
DA:1901,0
DA:1905,0
DA:1906,0
DA:1908,0
DA:1909,0
DA:1912,0
DA:1915,0
DA:1916,0
DA:1917,0
DA:1920,0
DA:1926,0
DA:1929,0
DA:1930,0
DA:1931,0
DA:1933,0
DA:1934,0
DA:1936,0
DA:1941,0
DA:1942,0
DA:1946,0
DA:1947,0
DA:1948,0
DA:1950,0
DA:1951,0
DA:1953,0
DA:1954,0
DA:1955,0
DA:1956,0
DA:1958,0
DA:1960,0
DA:1965,0
DA:1966,0
DA:1967,0
DA:1973,0
DA:1982,0
DA:1983,0
DA:1990,0
LF:596
LH:0
BRDA:50,0,0,0
BRDA:50,0,1,0
BRDA:50,1,0,0
BRDA:50,1,1,0
BRDA:53,2,0,0
BRDA:53,2,1,0
BRDA:53,3,0,0
BRDA:53,3,1,0
BRDA:58,4,0,0
BRDA:58,4,1,0
BRDA:58,5,0,0
BRDA:58,5,1,0
BRDA:58,5,2,0
BRDA:58,5,3,0
BRDA:58,5,4,0
BRDA:66,6,0,0
BRDA:66,6,1,0
BRDA:108,7,0,0
BRDA:108,7,1,0
BRDA:110,8,0,0
BRDA:110,8,1,0
BRDA:121,9,0,0
BRDA:121,9,1,0
BRDA:170,10,0,0
BRDA:170,10,1,0
BRDA:186,11,0,0
BRDA:186,11,1,0
BRDA:195,12,0,0
BRDA:195,12,1,0
BRDA:196,13,0,0
BRDA:196,13,1,0
BRDA:197,14,0,0
BRDA:197,14,1,0
BRDA:200,15,0,0
BRDA:200,15,1,0
BRDA:204,16,0,0
BRDA:204,16,1,0
BRDA:213,17,0,0
BRDA:213,17,1,0
BRDA:226,18,0,0
BRDA:226,18,1,0
BRDA:243,19,0,0
BRDA:243,19,1,0
BRDA:266,20,0,0
BRDA:266,20,1,0
BRDA:273,21,0,0
BRDA:273,21,1,0
BRDA:280,22,0,0
BRDA:280,22,1,0
BRDA:281,23,0,0
BRDA:281,23,1,0
BRDA:318,24,0,0
BRDA:318,24,1,0
BRDA:323,25,0,0
BRDA:323,25,1,0
BRDA:325,26,0,0
BRDA:325,26,1,0
BRDA:337,27,0,0
BRDA:337,27,1,0
BRDA:345,28,0,0
BRDA:345,28,1,0
BRDA:349,29,0,0
BRDA:349,29,1,0
BRDA:349,30,0,0
BRDA:349,30,1,0
BRDA:358,31,0,0
BRDA:358,31,1,0
BRDA:361,32,0,0
BRDA:361,32,1,0
BRDA:692,33,0,0
BRDA:692,33,1,0
BRDA:692,33,2,0
BRDA:692,33,3,0
BRDA:692,33,4,0
BRDA:692,33,5,0
BRDA:692,33,6,0
BRDA:692,33,7,0
BRDA:692,33,8,0
BRDA:692,33,9,0
BRDA:692,33,10,0
BRDA:692,33,11,0
BRDA:692,33,12,0
BRDA:692,33,13,0
BRDA:697,34,0,0
BRDA:697,34,1,0
BRDA:701,35,0,0
BRDA:701,35,1,0
BRDA:716,36,0,0
BRDA:716,36,1,0
BRDA:722,37,0,0
BRDA:722,37,1,0
BRDA:723,38,0,0
BRDA:723,38,1,0
BRDA:739,39,0,0
BRDA:739,39,1,0
BRDA:739,40,0,0
BRDA:739,40,1,0
BRDA:739,40,2,0
BRDA:742,41,0,0
BRDA:742,41,1,0
BRDA:752,42,0,0
BRDA:752,42,1,0
BRDA:756,43,0,0
BRDA:756,43,1,0
BRDA:756,44,0,0
BRDA:756,44,1,0
BRDA:756,45,0,0
BRDA:756,45,1,0
BRDA:763,46,0,0
BRDA:768,47,0,0
BRDA:768,47,1,0
BRDA:773,48,0,0
BRDA:773,48,1,0
BRDA:790,49,0,0
BRDA:790,49,1,0
BRDA:790,50,0,0
BRDA:790,50,1,0
BRDA:792,51,0,0
BRDA:792,51,1,0
BRDA:795,52,0,0
BRDA:795,52,1,0
BRDA:795,53,0,0
BRDA:795,53,1,0
BRDA:795,53,2,0
BRDA:796,54,0,0
BRDA:796,54,1,0
BRDA:802,55,0,0
BRDA:802,55,1,0
BRDA:817,56,0,0
BRDA:817,56,1,0
BRDA:818,57,0,0
BRDA:818,57,1,0
BRDA:819,58,0,0
BRDA:819,58,1,0
BRDA:821,59,0,0
BRDA:821,59,1,0
BRDA:822,60,0,0
BRDA:822,60,1,0
BRDA:839,61,0,0
BRDA:839,61,1,0
BRDA:844,62,0,0
BRDA:844,62,1,0
BRDA:844,63,0,0
BRDA:844,63,1,0
BRDA:864,64,0,0
BRDA:864,64,1,0
BRDA:887,65,0,0
BRDA:887,65,1,0
BRDA:894,66,0,0
BRDA:894,66,1,0
BRDA:896,67,0,0
BRDA:896,67,1,0
BRDA:916,68,0,0
BRDA:916,68,1,0
BRDA:939,69,0,0
BRDA:939,69,1,0
BRDA:953,70,0,0
BRDA:961,71,0,0
BRDA:961,71,1,0
BRDA:971,72,0,0
BRDA:971,72,1,0
BRDA:996,73,0,0
BRDA:996,73,1,0
BRDA:1011,74,0,0
BRDA:1020,75,0,0
BRDA:1020,75,1,0
BRDA:1020,76,0,0
BRDA:1020,76,1,0
BRDA:1020,76,2,0
BRDA:1020,76,3,0
BRDA:1025,77,0,0
BRDA:1025,77,1,0
BRDA:1025,78,0,0
BRDA:1025,78,1,0
BRDA:1025,78,2,0
BRDA:1048,79,0,0
BRDA:1048,79,1,0
BRDA:1049,80,0,0
BRDA:1049,80,1,0
BRDA:1050,81,0,0
BRDA:1050,81,1,0
BRDA:1051,82,0,0
BRDA:1051,82,1,0
BRDA:1052,83,0,0
BRDA:1052,83,1,0
BRDA:1053,84,0,0
BRDA:1053,84,1,0
BRDA:1054,85,0,0
BRDA:1054,85,1,0
BRDA:1063,86,0,0
BRDA:1063,86,1,0
BRDA:1064,87,0,0
BRDA:1064,87,1,0
BRDA:1065,88,0,0
BRDA:1065,88,1,0
BRDA:1071,89,0,0
BRDA:1071,89,1,0
BRDA:1072,90,0,0
BRDA:1072,90,1,0
BRDA:1084,91,0,0
BRDA:1084,91,1,0
BRDA:1093,92,0,0
BRDA:1093,93,0,0
BRDA:1096,94,0,0
BRDA:1096,94,1,0
BRDA:1114,95,0,0
BRDA:1114,95,1,0
BRDA:1115,96,0,0
BRDA:1115,96,1,0
BRDA:1119,97,0,0
BRDA:1119,97,1,0
BRDA:1120,98,0,0
BRDA:1120,98,1,0
BRDA:1120,99,0,0
BRDA:1120,99,1,0
BRDA:1121,100,0,0
BRDA:1121,100,1,0
BRDA:1121,101,0,0
BRDA:1121,101,1,0
BRDA:1121,102,0,0
BRDA:1121,102,1,0
BRDA:1121,103,0,0
BRDA:1121,103,1,0
BRDA:1131,104,0,0
BRDA:1131,104,1,0
BRDA:1140,105,0,0
BRDA:1140,105,1,0
BRDA:1141,106,0,0
BRDA:1141,106,1,0
BRDA:1146,107,0,0
BRDA:1146,107,1,0
BRDA:1154,108,0,0
BRDA:1162,109,0,0
BRDA:1162,109,1,0
BRDA:1169,110,0,0
BRDA:1169,110,1,0
BRDA:1169,111,0,0
BRDA:1169,111,1,0
BRDA:1176,112,0,0
BRDA:1176,112,1,0
BRDA:1176,113,0,0
BRDA:1176,113,1,0
BRDA:1176,114,0,0
BRDA:1176,114,1,0
BRDA:1206,115,0,0
BRDA:1206,115,1,0
BRDA:1220,116,0,0
BRDA:1220,116,1,0
BRDA:1272,117,0,0
BRDA:1272,117,1,0
BRDA:1276,118,0,0
BRDA:1276,118,1,0
BRDA:1287,119,0,0
BRDA:1287,119,1,0
BRDA:1292,120,0,0
BRDA:1292,120,1,0
BRDA:1292,121,0,0
BRDA:1292,121,1,0
BRDA:1292,121,2,0
BRDA:1306,122,0,0
BRDA:1306,122,1,0
BRDA:1309,123,0,0
BRDA:1309,123,1,0
BRDA:1323,124,0,0
BRDA:1323,124,1,0
BRDA:1326,125,0,0
BRDA:1326,125,1,0
BRDA:1327,126,0,0
BRDA:1327,126,1,0
BRDA:1338,127,0,0
BRDA:1338,127,1,0
BRDA:1341,128,0,0
BRDA:1341,128,1,0
BRDA:1346,129,0,0
BRDA:1346,129,1,0
BRDA:1365,130,0,0
BRDA:1365,130,1,0
BRDA:1371,131,0,0
BRDA:1371,131,1,0
BRDA:1409,132,0,0
BRDA:1409,132,1,0
BRDA:1418,133,0,0
BRDA:1418,133,1,0
BRDA:1423,134,0,0
BRDA:1423,134,1,0
BRDA:1444,135,0,0
BRDA:1444,135,1,0
BRDA:1445,136,0,0
BRDA:1445,136,1,0
BRDA:1451,137,0,0
BRDA:1451,137,1,0
BRDA:1477,138,0,0
BRDA:1477,138,1,0
BRDA:1478,139,0,0
BRDA:1478,139,1,0
BRDA:1479,140,0,0
BRDA:1479,140,1,0
BRDA:1490,141,0,0
BRDA:1490,141,1,0
BRDA:1504,142,0,0
BRDA:1504,142,1,0
BRDA:1511,143,0,0
BRDA:1511,143,1,0
BRDA:1511,144,0,0
BRDA:1511,144,1,0
BRDA:1514,145,0,0
BRDA:1514,145,1,0
BRDA:1554,146,0,0
BRDA:1554,146,1,0
BRDA:1561,147,0,0
BRDA:1561,147,1,0
BRDA:1575,148,0,0
BRDA:1575,148,1,0
BRDA:1594,149,0,0
BRDA:1594,149,1,0
BRDA:1606,150,0,0
BRDA:1606,150,1,0
BRDA:1607,151,0,0
BRDA:1607,151,1,0
BRDA:1618,152,0,0
BRDA:1626,153,0,0
BRDA:1626,153,1,0
BRDA:1626,154,0,0
BRDA:1626,154,1,0
BRDA:1627,155,0,0
BRDA:1627,155,1,0
BRDA:1637,156,0,0
BRDA:1637,156,1,0
BRDA:1657,157,0,0
BRDA:1657,157,1,0
BRDA:1657,158,0,0
BRDA:1657,158,1,0
BRDA:1664,159,0,0
BRDA:1664,159,1,0
BRDA:1670,160,0,0
BRDA:1670,160,1,0
BRDA:1670,161,0,0
BRDA:1670,161,1,0
BRDA:1679,162,0,0
BRDA:1679,162,1,0
BRDA:1683,163,0,0
BRDA:1683,163,1,0
BRDA:1686,164,0,0
BRDA:1686,164,1,0
BRDA:1686,165,0,0
BRDA:1686,165,1,0
BRDA:1687,166,0,0
BRDA:1687,166,1,0
BRDA:1687,167,0,0
BRDA:1687,167,1,0
BRDA:1690,168,0,0
BRDA:1690,168,1,0
BRDA:1691,169,0,0
BRDA:1691,169,1,0
BRDA:1696,170,0,0
BRDA:1696,170,1,0
BRDA:1698,171,0,0
BRDA:1698,171,1,0
BRDA:1786,172,0,0
BRDA:1786,172,1,0
BRDA:1797,173,0,0
BRDA:1797,173,1,0
BRDA:1812,174,0,0
BRDA:1812,174,1,0
BRDA:1827,175,0,0
BRDA:1827,175,1,0
BRDA:1836,176,0,0
BRDA:1836,176,1,0
BRDA:1837,177,0,0
BRDA:1837,177,1,0
BRDA:1839,178,0,0
BRDA:1839,178,1,0
BRDA:1846,179,0,0
BRDA:1846,179,1,0
BRDA:1862,180,0,0
BRDA:1862,180,1,0
BRDA:1862,181,0,0
BRDA:1862,181,1,0
BRDA:1869,182,0,0
BRDA:1869,182,1,0
BRDA:1869,182,2,0
BRDA:1882,183,0,0
BRDA:1882,183,1,0
BRDA:1890,184,0,0
BRDA:1890,184,1,0
BRDA:1899,185,0,0
BRDA:1899,185,1,0
BRDA:1901,186,0,0
BRDA:1901,186,1,0
BRDA:1906,187,0,0
BRDA:1906,187,1,0
BRDA:1933,188,0,0
BRDA:1933,188,1,0
BRDA:1941,189,0,0
BRDA:1941,189,1,0
BRDA:1954,190,0,0
BRDA:1954,190,1,0
BRDA:1954,191,0,0
BRDA:1954,191,1,0
BRDA:1965,192,0,0
BRDA:1965,192,1,0
BRF:401
BRH:0
end_of_record
TN:
SF:src/routes/auth.ts
FN:51,issueAppJwt
FN:63,upsertUser
FN:100,ensureManagerDocument
FN:116,verifyGoogleIdToken
FN:145,verifyAppleIdentityToken
FN:196,verifyGoogleAccessToken
FN:221,(anonymous_16)
FN:250,(anonymous_17)
FN:267,(anonymous_18)
FN:306,(anonymous_19)
FNF:10
FNH:0
FNDA:0,issueAppJwt
FNDA:0,upsertUser
FNDA:0,ensureManagerDocument
FNDA:0,verifyGoogleIdToken
FNDA:0,verifyAppleIdentityToken
FNDA:0,verifyGoogleAccessToken
FNDA:0,(anonymous_16)
FNDA:0,(anonymous_17)
FNDA:0,(anonymous_18)
FNDA:0,(anonymous_19)
DA:1,0
DA:2,0
DA:3,0
DA:4,0
DA:5,0
DA:6,0
DA:7,0
DA:17,0
DA:19,0
DA:20,0
DA:21,0
DA:22,0
DA:23,0
DA:24,0
DA:25,0
DA:26,0
DA:28,0
DA:30,0
DA:32,0
DA:34,0
DA:36,0
DA:38,0
DA:40,0
DA:42,0
DA:44,0
DA:46,0
DA:52,0
DA:60,0
DA:64,0
DA:69,0
DA:70,0
DA:71,0
DA:72,0
DA:73,0
DA:74,0
DA:79,0
DA:97,0
DA:101,0
DA:102,0
DA:113,0
DA:119,0
DA:126,0
DA:127,0
DA:130,0
DA:131,0
DA:132,0
DA:133,0
DA:134,0
DA:136,0
DA:146,0
DA:149,0
DA:150,0
DA:152,0
DA:153,0
DA:154,0
DA:158,0
DA:159,0
DA:160,0
DA:161,0
DA:163,0
DA:171,0
DA:177,0
DA:180,0
DA:181,0
DA:182,0
DA:183,0
DA:184,0
DA:186,0
DA:198,0
DA:202,0
DA:203,0
DA:206,0
DA:208,0
DA:209,0
DA:212,0
DA:221,0
DA:222,0
DA:223,0
DA:225,0
DA:226,0
DA:228,0
DA:229,0
DA:234,0
DA:235,0
DA:237,0
DA:240,0
DA:241,0
DA:242,0
DA:245,0
DA:246,0
DA:250,0
DA:251,0
DA:252,0
DA:253,0
DA:254,0
DA:255,0
DA:256,0
DA:257,0
DA:258,0
DA:261,0
DA:262,0
DA:267,0
DA:268,0
DA:269,0
DA:271,0
DA:272,0
DA:274,0
DA:275,0
DA:280,0
DA:281,0
DA:283,0
DA:287,0
DA:288,0
DA:293,0
DA:294,0
DA:297,0
DA:298,0
DA:301,0
DA:302,0
DA:306,0
DA:307,0
DA:308,0
DA:309,0
DA:310,0
DA:312,0
DA:315,0
DA:316,0
DA:321,0
DA:322,0
DA:325,0
DA:326,0
DA:329,0
DA:330,0
DA:334,0
LF:134
LH:0
BRDA:28,0,0,0
BRDA:28,0,1,0
BRDA:32,1,0,0
BRDA:32,1,1,0
BRDA:36,2,0,0
BRDA:36,2,1,0
BRDA:40,3,0,0
BRDA:40,3,1,0
BRDA:44,4,0,0
BRDA:44,4,1,0
BRDA:58,5,0,0
BRDA:58,5,1,0
BRDA:69,6,0,0
BRDA:69,6,1,0
BRDA:71,7,0,0
BRDA:71,7,1,0
BRDA:73,8,0,0
BRDA:73,8,1,0
BRDA:93,9,0,0
BRDA:93,9,1,0
BRDA:94,10,0,0
BRDA:94,10,1,0
BRDA:126,11,0,0
BRDA:126,11,1,0
BRDA:133,12,0,0
BRDA:133,12,1,0
BRDA:133,13,0,0
BRDA:133,13,1,0
BRDA:139,14,0,0
BRDA:139,14,1,0
BRDA:140,15,0,0
BRDA:140,15,1,0
BRDA:141,16,0,0
BRDA:141,16,1,0
BRDA:149,17,0,0
BRDA:149,17,1,0
BRDA:160,18,0,0
BRDA:160,18,1,0
BRDA:166,19,0,0
BRDA:166,19,1,0
BRDA:177,20,0,0
BRDA:177,20,1,0
BRDA:183,21,0,0
BRDA:183,21,1,0
BRDA:189,22,0,0
BRDA:189,22,1,0
BRDA:202,23,0,0
BRDA:202,23,1,0
BRDA:208,24,0,0
BRDA:208,24,1,0
BRDA:215,25,0,0
BRDA:215,25,1,0
BRDA:216,26,0,0
BRDA:216,26,1,0
BRDA:217,27,0,0
BRDA:217,27,1,0
BRDA:223,28,0,0
BRDA:223,28,1,0
BRDA:225,29,0,0
BRDA:225,29,1,0
BRDA:226,30,0,0
BRDA:226,30,1,0
BRDA:228,31,0,0
BRDA:228,31,1,0
BRDA:228,32,0,0
BRDA:228,32,1,0
BRDA:234,33,0,0
BRDA:234,33,1,0
BRDA:252,34,0,0
BRDA:252,34,1,0
BRDA:253,35,0,0
BRDA:253,35,1,0
BRDA:254,36,0,0
BRDA:254,36,1,0
BRDA:269,37,0,0
BRDA:269,37,1,0
BRDA:271,38,0,0
BRDA:271,38,1,0
BRDA:272,39,0,0
BRDA:272,39,1,0
BRDA:274,40,0,0
BRDA:274,40,1,0
BRDA:274,41,0,0
BRDA:274,41,1,0
BRDA:280,42,0,0
BRDA:280,42,1,0
BRDA:293,43,0,0
BRDA:293,43,1,0
BRDA:308,44,0,0
BRDA:308,44,1,0
BRDA:309,45,0,0
BRDA:309,45,1,0
BRDA:310,46,0,0
BRDA:310,46,1,0
BRDA:321,47,0,0
BRDA:321,47,1,0
BRF:96
BRH:0
end_of_record
TN:
SF:src/routes/chat.ts
FN:18,(anonymous_10)
FN:36,(anonymous_11)
FN:47,(anonymous_12)
FN:58,(anonymous_13)
FN:61,(anonymous_14)
FN:98,(anonymous_15)
FN:104,(anonymous_16)
FN:108,(anonymous_17)
FN:115,(anonymous_18)
FN:158,(anonymous_19)
FN:196,(anonymous_20)
FN:222,(anonymous_21)
FN:411,(anonymous_22)
FN:442,(anonymous_23)
FN:524,(anonymous_24)
FN:580,(anonymous_25)
FN:608,(anonymous_26)
FN:612,(anonymous_27)
FN:626,(anonymous_28)
FN:631,(anonymous_29)
FN:635,(anonymous_30)
FN:673,(anonymous_31)
FN:682,(anonymous_32)
FN:714,(anonymous_33)
FN:725,(anonymous_34)
FN:733,(anonymous_35)
FN:743,(anonymous_36)
FN:761,(anonymous_37)
FN:791,(anonymous_38)
FN:846,(anonymous_39)
FN:855,(anonymous_40)
FN:888,(anonymous_41)
FN:918,(anonymous_42)
FN:931,(anonymous_43)
FN:938,(anonymous_44)
FN:945,(anonymous_45)
FN:985,(anonymous_46)
FN:1000,(anonymous_47)
FN:1015,(anonymous_48)
FN:1025,(anonymous_49)
FN:1078,(anonymous_50)
FN:1083,(anonymous_51)
FN:1085,(anonymous_52)
FN:1152,(anonymous_53)
FN:1188,(anonymous_54)
FN:1214,(anonymous_55)
FN:1236,(anonymous_56)
FN:1251,(anonymous_57)
FN:1344,(anonymous_58)
FN:1475,(anonymous_59)
FN:1476,(anonymous_60)
FN:1486,(anonymous_61)
FN:1487,(anonymous_62)
FN:1513,(anonymous_63)
FN:1514,(anonymous_64)
FNF:55
FNH:0
FNDA:0,(anonymous_10)
FNDA:0,(anonymous_11)
FNDA:0,(anonymous_12)
FNDA:0,(anonymous_13)
FNDA:0,(anonymous_14)
FNDA:0,(anonymous_15)
FNDA:0,(anonymous_16)
FNDA:0,(anonymous_17)
FNDA:0,(anonymous_18)
FNDA:0,(anonymous_19)
FNDA:0,(anonymous_20)
FNDA:0,(anonymous_21)
FNDA:0,(anonymous_22)
FNDA:0,(anonymous_23)
FNDA:0,(anonymous_24)
FNDA:0,(anonymous_25)
FNDA:0,(anonymous_26)
FNDA:0,(anonymous_27)
FNDA:0,(anonymous_28)
FNDA:0,(anonymous_29)
FNDA:0,(anonymous_30)
FNDA:0,(anonymous_31)
FNDA:0,(anonymous_32)
FNDA:0,(anonymous_33)
FNDA:0,(anonymous_34)
FNDA:0,(anonymous_35)
FNDA:0,(anonymous_36)
FNDA:0,(anonymous_37)
FNDA:0,(anonymous_38)
FNDA:0,(anonymous_39)
FNDA:0,(anonymous_40)
FNDA:0,(anonymous_41)
FNDA:0,(anonymous_42)
FNDA:0,(anonymous_43)
FNDA:0,(anonymous_44)
FNDA:0,(anonymous_45)
FNDA:0,(anonymous_46)
FNDA:0,(anonymous_47)
FNDA:0,(anonymous_48)
FNDA:0,(anonymous_49)
FNDA:0,(anonymous_50)
FNDA:0,(anonymous_51)
FNDA:0,(anonymous_52)
FNDA:0,(anonymous_53)
FNDA:0,(anonymous_54)
FNDA:0,(anonymous_55)
FNDA:0,(anonymous_56)
FNDA:0,(anonymous_57)
FNDA:0,(anonymous_58)
FNDA:0,(anonymous_59)
FNDA:0,(anonymous_60)
FNDA:0,(anonymous_61)
FNDA:0,(anonymous_62)
FNDA:0,(anonymous_63)
FNDA:0,(anonymous_64)
DA:1,0
DA:2,0
DA:3,0
DA:4,0
DA:5,0
DA:6,0
DA:7,0
DA:8,0
DA:9,0
DA:10,0
DA:12,0
DA:18,0
DA:19,0
DA:20,0
DA:21,0
DA:25,0
DA:27,0
DA:30,0
DA:36,0
DA:39,0
DA:47,0
DA:48,0
DA:57,0
DA:58,0
DA:61,0
DA:62,0
DA:63,0
DA:66,0
DA:67,0
DA:71,0
DA:72,0
DA:75,0
DA:90,0
DA:93,0
DA:98,0
DA:99,0
DA:103,0
DA:104,0
DA:107,0
DA:109,0
DA:110,0
DA:111,0
DA:113,0
DA:116,0
DA:118,0
DA:119,0
DA:122,0
DA:123,0
DA:127,0
DA:128,0
DA:131,0
DA:146,0
DA:149,0
DA:150,0
DA:158,0
DA:159,0
DA:160,0
DA:161,0
DA:162,0
DA:163,0
DA:164,0
DA:166,0
DA:167,0
DA:171,0
DA:172,0
DA:173,0
DA:176,0
DA:180,0
DA:181,0
DA:185,0
DA:186,0
DA:187,0
DA:191,0
DA:196,0
DA:210,0
DA:212,0
DA:213,0
DA:222,0
DA:223,0
DA:224,0
DA:225,0
DA:226,0
DA:227,0
DA:229,0
DA:230,0
DA:232,0
DA:233,0
DA:236,0
DA:237,0
DA:241,0
DA:242,0
DA:243,0
DA:246,0
DA:249,0
DA:253,0
DA:255,0
DA:256,0
DA:258,0
DA:261,0
DA:262,0
DA:263,0
DA:264,0
DA:266,0
DA:267,0
DA:268,0
DA:269,0
DA:270,0
DA:272,0
DA:275,0
DA:282,0
DA:283,0
DA:284,0
DA:288,0
DA:291,0
DA:302,0
DA:305,0
DA:307,0
DA:309,0
DA:310,0
DA:311,0
DA:314,0
DA:315,0
DA:316,0
DA:319,0
DA:322,0
DA:323,0
DA:324,0
DA:328,0
DA:339,0
DA:343,0
DA:358,0
DA:366,0
DA:381,0
DA:382,0
DA:385,0
DA:394,0
DA:396,0
DA:397,0
DA:402,0
DA:407,0
DA:409,0
DA:410,0
DA:411,0
DA:412,0
DA:414,0
DA:416,0
DA:417,0
DA:418,0
DA:419,0
DA:420,0
DA:421,0
DA:425,0
DA:427,0
DA:428,0
DA:429,0
DA:430,0
DA:432,0
DA:435,0
DA:436,0
DA:440,0
DA:441,0
DA:443,0
DA:447,0
DA:448,0
DA:449,0
DA:453,0
DA:454,0
DA:458,0
DA:462,0
DA:478,0
DA:481,0
DA:482,0
DA:484,0
DA:493,0
DA:497,0
DA:513,0
DA:515,0
DA:516,0
DA:524,0
DA:525,0
DA:526,0
DA:527,0
DA:528,0
DA:530,0
DA:531,0
DA:535,0
DA:536,0
DA:537,0
DA:540,0
DA:544,0
DA:545,0
DA:549,0
DA:550,0
DA:554,0
DA:558,0
DA:562,0
DA:567,0
DA:569,0
DA:570,0
DA:580,0
DA:581,0
DA:582,0
DA:584,0
DA:585,0
DA:591,0
DA:592,0
DA:595,0
DA:600,0
DA:601,0
DA:608,0
DA:611,0
DA:612,0
DA:619,0
DA:625,0
DA:626,0
DA:630,0
DA:631,0
DA:635,0
DA:636,0
DA:637,0
DA:638,0
DA:641,0
DA:642,0
DA:643,0
DA:647,0
DA:648,0
DA:649,0
DA:650,0
DA:653,0
DA:671,0
DA:672,0
DA:673,0
DA:674,0
DA:682,0
DA:684,0
DA:685,0
DA:686,0
DA:687,0
DA:691,0
DA:694,0
DA:697,0
DA:700,0
DA:702,0
DA:703,0
DA:714,0
DA:715,0
DA:716,0
DA:718,0
DA:719,0
DA:722,0
DA:725,0
DA:726,0
DA:733,0
DA:734,0
DA:739,0
DA:743,0
DA:750,0
DA:752,0
DA:753,0
DA:761,0
DA:762,0
DA:763,0
DA:764,0
DA:766,0
DA:767,0
DA:768,0
DA:776,0
DA:782,0
DA:783,0
DA:791,0
DA:792,0
DA:793,0
DA:794,0
DA:795,0
DA:796,0
DA:798,0
DA:801,0
DA:802,0
DA:805,0
DA:806,0
DA:809,0
DA:810,0
DA:814,0
DA:815,0
DA:819,0
DA:820,0
DA:821,0
DA:825,0
DA:826,0
DA:830,0
DA:831,0
DA:835,0
DA:836,0
DA:844,0
DA:845,0
DA:846,0
DA:849,0
DA:850,0
DA:851,0
DA:855,0
DA:856,0
DA:859,0
DA:860,0
DA:864,0
DA:865,0
DA:867,0
DA:868,0
DA:878,0
DA:879,0
DA:880,0
DA:887,0
DA:888,0
DA:890,0
DA:892,0
DA:904,0
DA:905,0
DA:906,0
DA:910,0
DA:912,0
DA:915,0
DA:918,0
DA:919,0
DA:921,0
DA:922,0
DA:924,0
DA:925,0
DA:926,0
DA:927,0
DA:928,0
DA:931,0
DA:932,0
DA:938,0
DA:939,0
DA:940,0
DA:945,0
DA:946,0
DA:947,0
DA:953,0
DA:965,0
DA:968,0
DA:969,0
DA:970,0
DA:971,0
DA:972,0
DA:975,0
DA:976,0
DA:978,0
DA:979,0
DA:982,0
DA:985,0
DA:986,0
DA:993,0
DA:999,0
DA:1000,0
DA:1001,0
DA:1003,0
DA:1004,0
DA:1007,0
DA:1013,0
DA:1014,0
DA:1015,0
DA:1016,0
DA:1018,0
DA:1019,0
DA:1020,0
DA:1021,0
DA:1022,0
DA:1025,0
DA:1026,0
DA:1031,0
DA:1043,0
DA:1050,0
DA:1051,0
DA:1063,0
DA:1074,0
DA:1078,0
DA:1079,0
DA:1081,0
DA:1082,0
DA:1083,0
DA:1084,0
DA:1086,0
DA:1089,0
DA:1091,0
DA:1093,0
DA:1108,0
DA:1124,0
DA:1126,0
DA:1135,0
DA:1136,0
DA:1139,0
DA:1142,0
DA:1143,0
DA:1152,0
DA:1153,0
DA:1154,0
DA:1155,0
DA:1156,0
DA:1158,0
DA:1161,0
DA:1162,0
DA:1166,0
DA:1167,0
DA:1168,0
DA:1172,0
DA:1173,0
DA:1177,0
DA:1178,0
DA:1182,0
DA:1183,0
DA:1184,0
DA:1188,0
DA:1189,0
DA:1191,0
DA:1192,0
DA:1195,0
DA:1198,0
DA:1204,0
DA:1205,0
DA:1214,0
DA:1215,0
DA:1216,0
DA:1217,0
DA:1219,0
DA:1222,0
DA:1223,0
DA:1227,0
DA:1228,0
DA:1231,0
DA:1232,0
DA:1236,0
DA:1237,0
DA:1242,0
DA:1243,0
DA:1248,0
DA:1251,0
DA:1260,0
DA:1263,0
DA:1264,0
DA:1266,0
DA:1267,0
DA:1273,0
DA:1276,0
DA:1278,0
DA:1279,0
DA:1280,0
DA:1286,0
DA:1290,0
DA:1291,0
DA:1292,0
DA:1298,0
DA:1301,0
DA:1302,0
DA:1303,0
DA:1309,0
DA:1313,0
DA:1320,0
DA:1321,0
DA:1327,0
DA:1331,0
DA:1343,0
DA:1345,0
DA:1350,0
DA:1353,0
DA:1354,0
DA:1355,0
DA:1356,0
DA:1359,0
DA:1360,0
DA:1361,0
DA:1362,0
DA:1363,0
DA:1364,0
DA:1368,0
DA:1370,0
DA:1371,0
DA:1372,0
DA:1373,0
DA:1375,0
DA:1378,0
DA:1379,0
DA:1383,0
DA:1384,0
DA:1387,0
DA:1392,0
DA:1410,0
DA:1417,0
DA:1430,0
DA:1433,0
DA:1434,0
DA:1438,0
DA:1455,0
DA:1463,0
DA:1465,0
DA:1466,0
DA:1475,0
DA:1476,0
DA:1478,0
DA:1481,0
DA:1482,0
DA:1485,0
DA:1486,0
DA:1487,0
DA:1490,0
DA:1491,0
DA:1492,0
DA:1493,0
DA:1496,0
DA:1497,0
DA:1499,0
DA:1501,0
DA:1504,0
DA:1505,0
DA:1510,0
DA:1512,0
DA:1513,0
DA:1514,0
DA:1516,0
DA:1517,0
DA:1519,0
DA:1520,0
DA:1523,0
DA:1532,0
DA:1533,0
DA:1537,0
LF:525
LH:0
BRDA:25,0,0,0
BRDA:25,0,1,0
BRDA:66,1,0,0
BRDA:66,1,1,0
BRDA:66,2,0,0
BRDA:66,2,1,0
BRDA:71,3,0,0
BRDA:71,3,1,0
BRDA:109,4,0,0
BRDA:109,4,1,0
BRDA:122,5,0,0
BRDA:122,5,1,0
BRDA:122,6,0,0
BRDA:122,6,1,0
BRDA:127,7,0,0
BRDA:127,7,1,0
BRDA:163,8,0,0
BRDA:163,8,1,0
BRDA:166,9,0,0
BRDA:166,9,1,0
BRDA:172,10,0,0
BRDA:172,10,1,0
BRDA:176,11,0,0
BRDA:176,11,1,0
BRDA:180,12,0,0
BRDA:180,12,1,0
BRDA:186,13,0,0
BRDA:186,13,1,0
BRDA:203,14,0,0
BRDA:203,14,1,0
BRDA:204,15,0,0
BRDA:204,15,1,0
BRDA:232,16,0,0
BRDA:232,16,1,0
BRDA:232,17,0,0
BRDA:232,17,1,0
BRDA:232,17,2,0
BRDA:236,18,0,0
BRDA:236,18,1,0
BRDA:242,19,0,0
BRDA:242,19,1,0
BRDA:253,20,0,0
BRDA:253,20,1,0
BRDA:262,21,0,0
BRDA:262,21,1,0
BRDA:268,22,0,0
BRDA:268,22,1,0
BRDA:282,23,0,0
BRDA:282,23,1,0
BRDA:309,24,0,0
BRDA:309,24,1,0
BRDA:309,25,0,0
BRDA:309,25,1,0
BRDA:309,25,2,0
BRDA:314,26,0,0
BRDA:314,26,1,0
BRDA:323,27,0,0
BRDA:323,27,1,0
BRDA:351,28,0,0
BRDA:351,28,1,0
BRDA:352,29,0,0
BRDA:352,29,1,0
BRDA:361,30,0,0
BRDA:361,30,1,0
BRDA:381,31,0,0
BRDA:381,31,1,0
BRDA:394,32,0,0
BRDA:394,32,1,0
BRDA:397,33,0,0
BRDA:397,33,1,0
BRDA:397,34,0,0
BRDA:397,34,1,0
BRDA:399,35,0,0
BRDA:399,35,1,0
BRDA:402,36,0,0
BRDA:402,36,1,0
BRDA:407,37,0,0
BRDA:407,37,1,0
BRDA:409,38,0,0
BRDA:409,38,1,0
BRDA:409,39,0,0
BRDA:409,39,1,0
BRDA:414,40,0,0
BRDA:414,40,1,0
BRDA:417,41,0,0
BRDA:417,41,1,0
BRDA:427,42,0,0
BRDA:427,42,1,0
BRDA:429,43,0,0
BRDA:429,43,1,0
BRDA:429,44,0,0
BRDA:429,44,1,0
BRDA:435,45,0,0
BRDA:435,45,1,0
BRDA:440,46,0,0
BRDA:440,46,1,0
BRDA:440,47,0,0
BRDA:440,47,1,0
BRDA:443,48,0,0
BRDA:443,48,1,0
BRDA:443,48,2,0
BRDA:447,49,0,0
BRDA:447,49,1,0
BRDA:448,50,0,0
BRDA:448,50,1,0
BRDA:453,51,0,0
BRDA:453,51,1,0
BRDA:482,52,0,0
BRDA:482,52,1,0
BRDA:493,53,0,0
BRDA:493,53,1,0
BRDA:493,54,0,0
BRDA:493,54,1,0
BRDA:495,55,0,0
BRDA:495,55,1,0
BRDA:500,56,0,0
BRDA:500,56,1,0
BRDA:530,57,0,0
BRDA:530,57,1,0
BRDA:536,58,0,0
BRDA:536,58,1,0
BRDA:540,59,0,0
BRDA:540,59,1,0
BRDA:544,60,0,0
BRDA:544,60,1,0
BRDA:549,61,0,0
BRDA:549,61,1,0
BRDA:584,62,0,0
BRDA:584,62,1,0
BRDA:591,63,0,0
BRDA:591,63,1,0
BRDA:600,64,0,0
BRDA:600,64,1,0
BRDA:642,65,0,0
BRDA:642,65,1,0
BRDA:642,66,0,0
BRDA:642,66,1,0
BRDA:647,67,0,0
BRDA:647,67,1,0
BRDA:649,68,0,0
BRDA:649,68,1,0
BRDA:658,69,0,0
BRDA:658,69,1,0
BRDA:663,70,0,0
BRDA:663,70,1,0
BRDA:664,71,0,0
BRDA:664,71,1,0
BRDA:665,72,0,0
BRDA:665,72,1,0
BRDA:666,73,0,0
BRDA:666,73,1,0
BRDA:671,74,0,0
BRDA:671,74,1,0
BRDA:671,75,0,0
BRDA:671,75,1,0
BRDA:674,76,0,0
BRDA:674,76,1,0
BRDA:674,76,2,0
BRDA:674,76,3,0
BRDA:674,76,4,0
BRDA:674,76,5,0
BRDA:674,76,6,0
BRDA:684,77,0,0
BRDA:684,77,1,0
BRDA:684,78,0,0
BRDA:684,78,1,0
BRDA:685,79,0,0
BRDA:685,79,1,0
BRDA:686,80,0,0
BRDA:686,80,1,0
BRDA:691,81,0,0
BRDA:691,81,1,0
BRDA:691,82,0,0
BRDA:691,82,1,0
BRDA:694,83,0,0
BRDA:694,83,1,0
BRDA:694,84,0,0
BRDA:694,84,1,0
BRDA:718,85,0,0
BRDA:718,85,1,0
BRDA:745,86,0,0
BRDA:745,86,1,0
BRDA:745,86,2,0
BRDA:767,87,0,0
BRDA:767,87,1,0
BRDA:801,88,0,0
BRDA:801,88,1,0
BRDA:801,89,0,0
BRDA:801,89,1,0
BRDA:805,90,0,0
BRDA:805,90,1,0
BRDA:809,91,0,0
BRDA:809,91,1,0
BRDA:809,92,0,0
BRDA:809,92,1,0
BRDA:814,93,0,0
BRDA:814,93,1,0
BRDA:820,94,0,0
BRDA:820,94,1,0
BRDA:825,95,0,0
BRDA:825,95,1,0
BRDA:830,96,0,0
BRDA:830,96,1,0
BRDA:835,97,0,0
BRDA:835,97,1,0
BRDA:835,98,0,0
BRDA:835,98,1,0
BRDA:845,99,0,0
BRDA:845,99,1,0
BRDA:850,100,0,0
BRDA:850,100,1,0
BRDA:856,101,0,0
BRDA:856,101,1,0
BRDA:856,101,2,0
BRDA:859,102,0,0
BRDA:859,102,1,0
BRDA:864,103,0,0
BRDA:864,103,1,0
BRDA:865,104,0,0
BRDA:865,104,1,0
BRDA:865,104,2,0
BRDA:867,105,0,0
BRDA:867,105,1,0
BRDA:871,106,0,0
BRDA:871,106,1,0
BRDA:878,107,0,0
BRDA:878,107,1,0
BRDA:881,108,0,0
BRDA:881,108,1,0
BRDA:887,109,0,0
BRDA:887,109,1,0
BRDA:890,110,0,0
BRDA:890,110,1,0
BRDA:897,111,0,0
BRDA:897,111,1,0
BRDA:899,112,0,0
BRDA:899,112,1,0
BRDA:921,113,0,0
BRDA:921,113,1,0
BRDA:921,114,0,0
BRDA:921,114,1,0
BRDA:924,115,0,0
BRDA:924,115,1,0
BRDA:938,116,0,0
BRDA:938,116,1,0
BRDA:939,117,0,0
BRDA:939,117,1,0
BRDA:945,118,0,0
BRDA:945,118,1,0
BRDA:956,119,0,0
BRDA:956,119,1,0
BRDA:972,120,0,0
BRDA:972,120,1,0
BRDA:975,121,0,0
BRDA:975,121,1,0
BRDA:978,122,0,0
BRDA:978,122,1,0
BRDA:999,123,0,0
BRDA:999,123,1,0
BRDA:1003,124,0,0
BRDA:1003,124,1,0
BRDA:1003,125,0,0
BRDA:1003,125,1,0
BRDA:1014,126,0,0
BRDA:1014,126,1,0
BRDA:1018,127,0,0
BRDA:1018,127,1,0
BRDA:1034,128,0,0
BRDA:1034,128,1,0
BRDA:1055,129,0,0
BRDA:1055,129,1,0
BRDA:1066,130,0,0
BRDA:1066,130,1,0
BRDA:1079,131,0,0
BRDA:1079,131,1,0
BRDA:1081,132,0,0
BRDA:1081,132,1,0
BRDA:1082,133,0,0
BRDA:1082,133,1,0
BRDA:1083,134,0,0
BRDA:1083,134,1,0
BRDA:1083,134,2,0
BRDA:1084,135,0,0
BRDA:1084,135,1,0
BRDA:1084,135,2,0
BRDA:1086,136,0,0
BRDA:1086,136,1,0
BRDA:1086,136,2,0
BRDA:1089,137,0,0
BRDA:1089,137,1,0
BRDA:1091,138,0,0
BRDA:1091,138,1,0
BRDA:1124,139,0,0
BRDA:1124,139,1,0
BRDA:1128,140,0,0
BRDA:1128,140,1,0
BRDA:1135,141,0,0
BRDA:1135,141,1,0
BRDA:1161,142,0,0
BRDA:1161,142,1,0
BRDA:1161,143,0,0
BRDA:1161,143,1,0
BRDA:1167,144,0,0
BRDA:1167,144,1,0
BRDA:1172,145,0,0
BRDA:1172,145,1,0
BRDA:1177,146,0,0
BRDA:1177,146,1,0
BRDA:1183,147,0,0
BRDA:1183,147,1,0
BRDA:1191,148,0,0
BRDA:1191,148,1,0
BRDA:1195,149,0,0
BRDA:1195,149,1,0
BRDA:1222,150,0,0
BRDA:1222,150,1,0
BRDA:1227,151,0,0
BRDA:1227,151,1,0
BRDA:1227,152,0,0
BRDA:1227,152,1,0
BRDA:1231,153,0,0
BRDA:1231,153,1,0
BRDA:1231,154,0,0
BRDA:1231,154,1,0
BRDA:1242,155,0,0
BRDA:1242,155,1,0
BRDA:1266,156,0,0
BRDA:1266,156,1,0
BRDA:1266,157,0,0
BRDA:1266,157,1,0
BRDA:1268,158,0,0
BRDA:1268,158,1,0
BRDA:1269,159,0,0
BRDA:1269,159,1,0
BRDA:1279,160,0,0
BRDA:1279,160,1,0
BRDA:1291,161,0,0
BRDA:1291,161,1,0
BRDA:1291,162,0,0
BRDA:1291,162,1,0
BRDA:1302,163,0,0
BRDA:1302,163,1,0
BRDA:1320,164,0,0
BRDA:1320,164,1,0
BRDA:1345,165,0,0
BRDA:1345,165,1,0
BRDA:1345,165,2,0
BRDA:1350,166,0,0
BRDA:1350,166,1,0
BRDA:1360,167,0,0
BRDA:1360,167,1,0
BRDA:1370,168,0,0
BRDA:1370,168,1,0
BRDA:1372,169,0,0
BRDA:1372,169,1,0
BRDA:1372,170,0,0
BRDA:1372,170,1,0
BRDA:1378,171,0,0
BRDA:1378,171,1,0
BRDA:1383,172,0,0
BRDA:1383,172,1,0
BRDA:1387,173,0,0
BRDA:1387,173,1,0
BRDA:1434,174,0,0
BRDA:1434,174,1,0
BRDA:1434,175,0,0
BRDA:1434,175,1,0
BRDA:1436,176,0,0
BRDA:1436,176,1,0
BRDA:1441,177,0,0
BRDA:1441,177,1,0
BRDA:1470,178,0,0
BRDA:1470,178,1,0
BRDA:1481,179,0,0
BRDA:1481,179,1,0
BRDA:1481,180,0,0
BRDA:1481,180,1,0
BRDA:1493,181,0,0
BRDA:1493,181,1,0
BRDA:1496,182,0,0
BRDA:1496,182,1,0
BRDA:1510,183,0,0
BRDA:1510,183,1,0
BRDA:1510,184,0,0
BRDA:1510,184,1,0
BRDA:1516,185,0,0
BRDA:1516,185,1,0
BRDA:1524,186,0,0
BRDA:1524,186,1,0
BRF:389
BRH:0
end_of_record
TN:
SF:src/routes/clients.ts
FN:15,(anonymous_1)
FN:41,(anonymous_2)
FN:49,(anonymous_3)
FN:87,(anonymous_4)
FN:135,(anonymous_5)
FNF:5
FNH:0
FNDA:0,(anonymous_1)
FNDA:0,(anonymous_2)
FNDA:0,(anonymous_3)
FNDA:0,(anonymous_4)
FNDA:0,(anonymous_5)
DA:1,0
DA:2,0
DA:3,0
DA:4,0
DA:5,0
DA:6,0
DA:8,0
DA:10,0
DA:15,0
DA:16,0
DA:17,0
DA:20,0
DA:22,0
DA:25,0
DA:29,0
DA:30,0
DA:32,0
DA:35,0
DA:41,0
DA:42,0
DA:44,0
DA:49,0
DA:50,0
DA:51,0
DA:54,0
DA:55,0
DA:57,0
DA:61,0
DA:62,0
DA:64,0
DA:67,0
DA:68,0
DA:69,0
DA:71,0
DA:72,0
DA:76,0
DA:77,0
DA:79,0
DA:80,0
DA:82,0
DA:87,0
DA:88,0
DA:89,0
DA:92,0
DA:93,0
DA:95,0
DA:99,0
DA:100,0
DA:102,0
DA:105,0
DA:106,0
DA:107,0
DA:109,0
DA:110,0
DA:111,0
DA:113,0
DA:114,0
DA:119,0
DA:120,0
DA:122,0
DA:126,0
DA:127,0
DA:128,0
DA:130,0
DA:135,0
DA:136,0
DA:137,0
DA:140,0
DA:141,0
DA:143,0
DA:147,0
DA:148,0
DA:150,0
DA:153,0
DA:154,0
DA:155,0
DA:157,0
DA:161,0
DA:162,0
DA:164,0
DA:168,0
LF:81
LH:0
BRDA:20,0,0,0
BRDA:20,0,1,0
BRDA:29,1,0,0
BRDA:29,1,1,0
BRDA:41,2,0,0
BRDA:41,2,1,0
BRDA:54,3,0,0
BRDA:54,3,1,0
BRDA:61,4,0,0
BRDA:61,4,1,0
BRDA:68,5,0,0
BRDA:68,5,1,0
BRDA:76,6,0,0
BRDA:76,6,1,0
BRDA:92,7,0,0
BRDA:92,7,1,0
BRDA:99,8,0,0
BRDA:99,8,1,0
BRDA:105,9,0,0
BRDA:105,9,1,0
BRDA:106,10,0,0
BRDA:106,10,1,0
BRDA:110,11,0,0
BRDA:110,11,1,0
BRDA:119,12,0,0
BRDA:119,12,1,0
BRDA:126,13,0,0
BRDA:126,13,1,0
BRDA:140,14,0,0
BRDA:140,14,1,0
BRDA:147,15,0,0
BRDA:147,15,1,0
BRDA:153,16,0,0
BRDA:153,16,1,0
BRDA:154,17,0,0
BRDA:154,17,1,0
BRDA:161,18,0,0
BRDA:161,18,1,0
BRF:38
BRH:0
end_of_record
TN:
SF:src/routes/eventChat.ts
FN:17,(anonymous_1)
FN:39,(anonymous_2)
FN:75,(anonymous_3)
FN:108,(anonymous_4)
FN:238,(anonymous_5)
FNF:5
FNH:0
FNDA:0,(anonymous_1)
FNDA:0,(anonymous_2)
FNDA:0,(anonymous_3)
FNDA:0,(anonymous_4)
FNDA:0,(anonymous_5)
DA:1,0
DA:2,0
DA:3,0
DA:4,0
DA:5,0
DA:6,0
DA:7,0
DA:8,0
DA:9,0
DA:11,0
DA:17,0
DA:18,0
DA:19,0
DA:20,0
DA:21,0
DA:23,0
DA:24,0
DA:28,0
DA:29,0
DA:30,0
DA:33,0
DA:34,0
DA:37,0
DA:38,0
DA:39,0
DA:42,0
DA:43,0
DA:47,0
DA:48,0
DA:49,0
DA:53,0
DA:59,0
DA:66,0
DA:67,0
DA:75,0
DA:76,0
DA:77,0
DA:78,0
DA:80,0
DA:81,0
DA:84,0
DA:85,0
DA:88,0
DA:89,0
DA:93,0
DA:94,0
DA:95,0
DA:98,0
DA:99,0
DA:102,0
DA:103,0
DA:106,0
DA:107,0
DA:108,0
DA:111,0
DA:112,0
DA:121,0
DA:122,0
DA:123,0
DA:124,0
DA:125,0
DA:126,0
DA:128,0
DA:133,0
DA:134,0
DA:137,0
DA:138,0
DA:139,0
DA:140,0
DA:144,0
DA:154,0
DA:157,0
DA:162,0
DA:163,0
DA:164,0
DA:167,0
DA:168,0
DA:169,0
DA:171,0
DA:172,0
DA:174,0
DA:175,0
DA:176,0
DA:181,0
DA:182,0
DA:183,0
DA:185,0
DA:203,0
DA:204,0
DA:219,0
DA:222,0
DA:226,0
DA:229,0
DA:230,0
DA:238,0
DA:239,0
DA:240,0
DA:241,0
DA:243,0
DA:244,0
DA:247,0
DA:248,0
DA:251,0
DA:254,0
DA:255,0
DA:258,0
DA:261,0
DA:266,0
DA:267,0
DA:271,0
DA:272,0
DA:273,0
DA:275,0
DA:278,0
DA:279,0
DA:289,0
DA:294,0
DA:296,0
DA:302,0
DA:303,0
DA:307,0
LF:121
LH:0
BRDA:20,0,0,0
BRDA:20,0,1,0
BRDA:23,1,0,0
BRDA:23,1,1,0
BRDA:23,2,0,0
BRDA:23,2,1,0
BRDA:29,3,0,0
BRDA:29,3,1,0
BRDA:37,4,0,0
BRDA:37,4,1,0
BRDA:38,5,0,0
BRDA:38,5,1,0
BRDA:42,6,0,0
BRDA:42,6,1,0
BRDA:42,7,0,0
BRDA:42,7,1,0
BRDA:48,8,0,0
BRDA:48,8,1,0
BRDA:48,9,0,0
BRDA:48,9,1,0
BRDA:62,10,0,0
BRDA:62,10,1,0
BRDA:80,11,0,0
BRDA:80,11,1,0
BRDA:80,12,0,0
BRDA:80,12,1,0
BRDA:84,13,0,0
BRDA:84,13,1,0
BRDA:84,14,0,0
BRDA:84,14,1,0
BRDA:84,14,2,0
BRDA:88,15,0,0
BRDA:88,15,1,0
BRDA:94,16,0,0
BRDA:94,16,1,0
BRDA:98,17,0,0
BRDA:98,17,1,0
BRDA:106,18,0,0
BRDA:106,18,1,0
BRDA:107,19,0,0
BRDA:107,19,1,0
BRDA:111,20,0,0
BRDA:111,20,1,0
BRDA:111,21,0,0
BRDA:111,21,1,0
BRDA:121,22,0,0
BRDA:121,22,1,0
BRDA:121,23,0,0
BRDA:121,23,1,0
BRDA:125,24,0,0
BRDA:125,24,1,0
BRDA:133,25,0,0
BRDA:133,25,1,0
BRDA:139,26,0,0
BRDA:139,26,1,0
BRDA:139,26,2,0
BRDA:139,27,0,0
BRDA:139,27,1,0
BRDA:139,28,0,0
BRDA:139,28,1,0
BRDA:163,29,0,0
BRDA:163,29,1,0
BRDA:169,30,0,0
BRDA:169,30,1,0
BRDA:172,31,0,0
BRDA:172,31,1,0
BRDA:172,32,0,0
BRDA:172,32,1,0
BRDA:175,33,0,0
BRDA:175,33,1,0
BRDA:175,34,0,0
BRDA:175,34,1,0
BRDA:181,35,0,0
BRDA:181,35,1,0
BRDA:183,36,0,0
BRDA:183,36,1,0
BRDA:194,37,0,0
BRDA:194,37,1,0
BRDA:203,38,0,0
BRDA:203,38,1,0
BRDA:213,39,0,0
BRDA:213,39,1,0
BRDA:243,40,0,0
BRDA:243,40,1,0
BRDA:243,41,0,0
BRDA:243,41,1,0
BRDA:247,42,0,0
BRDA:247,42,1,0
BRDA:254,43,0,0
BRDA:254,43,1,0
BRDA:266,44,0,0
BRDA:266,44,1,0
BRDA:272,45,0,0
BRDA:272,45,1,0
BRDA:272,46,0,0
BRDA:272,46,1,0
BRDA:278,47,0,0
BRDA:278,47,1,0
BRDA:294,48,0,0
BRDA:294,48,1,0
BRF:100
BRH:0
end_of_record
TN:
SF:src/routes/events.ts
FN:72,computeRoleStats
FN:73,(anonymous_11)
FN:79,(anonymous_12)
FN:88,toObjectId
FN:103,enrichEventsWithTariffs
FN:125,(anonymous_15)
FN:126,(anonymous_16)
FN:133,(anonymous_17)
FN:133,(anonymous_18)
FN:134,(anonymous_19)
FN:147,(anonymous_20)
FN:159,(anonymous_21)
FN:167,(anonymous_22)
FN:168,(anonymous_23)
FN:174,(anonymous_24)
FN:181,(anonymous_25)
FN:212,sanitizeTeamIds
FN:222,(anonymous_27)
FN:226,(anonymous_28)
FN:231,(anonymous_29)
FN:232,(anonymous_30)
FN:245,(anonymous_31)
FN:248,(anonymous_32)
FN:276,(anonymous_33)
FN:335,(anonymous_34)
FN:335,(anonymous_35)
FN:337,(anonymous_36)
FN:338,(anonymous_37)
FN:366,(anonymous_38)
FN:427,(anonymous_39)
FN:442,(anonymous_40)
FN:479,(anonymous_41)
FN:505,(anonymous_42)
FN:664,(anonymous_43)
FN:730,(anonymous_44)
FN:855,(anonymous_45)
FN:955,(anonymous_46)
FN:1016,timeToMinutes
FN:1031,(anonymous_48)
FN:1063,(anonymous_49)
FN:1072,(anonymous_50)
FN:1109,(anonymous_51)
FN:1151,(anonymous_52)
FN:1154,(anonymous_53)
FN:1178,(anonymous_54)
FN:1178,(anonymous_55)
FN:1180,(anonymous_56)
FN:1181,(anonymous_57)
FN:1190,(anonymous_58)
FN:1191,(anonymous_59)
FN:1193,(anonymous_60)
FN:1194,(anonymous_61)
FN:1263,(anonymous_62)
FN:1331,(anonymous_63)
FN:1364,(anonymous_64)
FN:1364,(anonymous_65)
FN:1382,(anonymous_66)
FN:1478,(anonymous_67)
FN:1489,(anonymous_68)
FN:1555,(anonymous_69)
FN:1565,(anonymous_70)
FN:1568,(anonymous_71)
FN:1576,(anonymous_72)
FN:1591,(anonymous_73)
FN:1605,(anonymous_74)
FN:1612,(anonymous_75)
FN:1614,(anonymous_76)
FN:1621,(anonymous_77)
FN:1645,(anonymous_78)
FN:1700,(anonymous_79)
FN:1785,(anonymous_80)
FN:1852,(anonymous_81)
FN:1880,(anonymous_82)
FN:1944,(anonymous_83)
FN:1952,(anonymous_84)
FN:2011,getUserKey
FN:2019,(anonymous_86)
FN:2025,(anonymous_87)
FN:2043,(anonymous_88)
FN:2086,(anonymous_89)
FN:2105,(anonymous_90)
FN:2117,(anonymous_91)
FN:2138,(anonymous_92)
FN:2152,(anonymous_93)
FN:2191,(anonymous_94)
FN:2205,(anonymous_95)
FN:2234,(anonymous_96)
FN:2257,(anonymous_97)
FN:2340,stringSimilarity
FN:2350,levenshteinDistance
FN:2383,(anonymous_100)
FN:2427,(anonymous_101)
FN:2444,(anonymous_102)
FN:2459,(anonymous_103)
FN:2461,(anonymous_104)
FN:2523,(anonymous_105)
FN:2546,(anonymous_106)
FN:2547,(anonymous_107)
FN:2550,(anonymous_108)
FN:2574,(anonymous_109)
FN:2597,(anonymous_110)
FN:2625,(anonymous_111)
FN:2640,(anonymous_112)
FN:2645,(anonymous_113)
FN:2670,(anonymous_114)
FN:2723,(anonymous_115)
FN:2736,(anonymous_116)
FN:2738,(anonymous_117)
FN:2758,(anonymous_118)
FN:2781,(anonymous_119)
FN:2794,(anonymous_120)
FNF:111
FNH:0
FNDA:0,computeRoleStats
FNDA:0,(anonymous_11)
FNDA:0,(anonymous_12)
FNDA:0,toObjectId
FNDA:0,enrichEventsWithTariffs
FNDA:0,(anonymous_15)
FNDA:0,(anonymous_16)
FNDA:0,(anonymous_17)
FNDA:0,(anonymous_18)
FNDA:0,(anonymous_19)
FNDA:0,(anonymous_20)
FNDA:0,(anonymous_21)
FNDA:0,(anonymous_22)
FNDA:0,(anonymous_23)
FNDA:0,(anonymous_24)
FNDA:0,(anonymous_25)
FNDA:0,sanitizeTeamIds
FNDA:0,(anonymous_27)
FNDA:0,(anonymous_28)
FNDA:0,(anonymous_29)
FNDA:0,(anonymous_30)
FNDA:0,(anonymous_31)
FNDA:0,(anonymous_32)
FNDA:0,(anonymous_33)
FNDA:0,(anonymous_34)
FNDA:0,(anonymous_35)
FNDA:0,(anonymous_36)
FNDA:0,(anonymous_37)
FNDA:0,(anonymous_38)
FNDA:0,(anonymous_39)
FNDA:0,(anonymous_40)
FNDA:0,(anonymous_41)
FNDA:0,(anonymous_42)
FNDA:0,(anonymous_43)
FNDA:0,(anonymous_44)
FNDA:0,(anonymous_45)
FNDA:0,(anonymous_46)
FNDA:0,timeToMinutes
FNDA:0,(anonymous_48)
FNDA:0,(anonymous_49)
FNDA:0,(anonymous_50)
FNDA:0,(anonymous_51)
FNDA:0,(anonymous_52)
FNDA:0,(anonymous_53)
FNDA:0,(anonymous_54)
FNDA:0,(anonymous_55)
FNDA:0,(anonymous_56)
FNDA:0,(anonymous_57)
FNDA:0,(anonymous_58)
FNDA:0,(anonymous_59)
FNDA:0,(anonymous_60)
FNDA:0,(anonymous_61)
FNDA:0,(anonymous_62)
FNDA:0,(anonymous_63)
FNDA:0,(anonymous_64)
FNDA:0,(anonymous_65)
FNDA:0,(anonymous_66)
FNDA:0,(anonymous_67)
FNDA:0,(anonymous_68)
FNDA:0,(anonymous_69)
FNDA:0,(anonymous_70)
FNDA:0,(anonymous_71)
FNDA:0,(anonymous_72)
FNDA:0,(anonymous_73)
FNDA:0,(anonymous_74)
FNDA:0,(anonymous_75)
FNDA:0,(anonymous_76)
FNDA:0,(anonymous_77)
FNDA:0,(anonymous_78)
FNDA:0,(anonymous_79)
FNDA:0,(anonymous_80)
FNDA:0,(anonymous_81)
FNDA:0,(anonymous_82)
FNDA:0,(anonymous_83)
FNDA:0,(anonymous_84)
FNDA:0,getUserKey
FNDA:0,(anonymous_86)
FNDA:0,(anonymous_87)
FNDA:0,(anonymous_88)
FNDA:0,(anonymous_89)
FNDA:0,(anonymous_90)
FNDA:0,(anonymous_91)
FNDA:0,(anonymous_92)
FNDA:0,(anonymous_93)
FNDA:0,(anonymous_94)
FNDA:0,(anonymous_95)
FNDA:0,(anonymous_96)
FNDA:0,(anonymous_97)
FNDA:0,stringSimilarity
FNDA:0,levenshteinDistance
FNDA:0,(anonymous_100)
FNDA:0,(anonymous_101)
FNDA:0,(anonymous_102)
FNDA:0,(anonymous_103)
FNDA:0,(anonymous_104)
FNDA:0,(anonymous_105)
FNDA:0,(anonymous_106)
FNDA:0,(anonymous_107)
FNDA:0,(anonymous_108)
FNDA:0,(anonymous_109)
FNDA:0,(anonymous_110)
FNDA:0,(anonymous_111)
FNDA:0,(anonymous_112)
FNDA:0,(anonymous_113)
FNDA:0,(anonymous_114)
FNDA:0,(anonymous_115)
FNDA:0,(anonymous_116)
FNDA:0,(anonymous_117)
FNDA:0,(anonymous_118)
FNDA:0,(anonymous_119)
FNDA:0,(anonymous_120)
DA:1,0
DA:2,0
DA:3,0
DA:4,0
DA:5,0
DA:6,0
DA:7,0
DA:8,0
DA:9,0
DA:10,0
DA:11,0
DA:12,0
DA:13,0
DA:14,0
DA:15,0
DA:16,0
DA:18,0
DA:20,0
DA:26,0
DA:42,0
DA:73,0
DA:74,0
DA:75,0
DA:76,0
DA:77,0
DA:79,0
DA:80,0
DA:81,0
DA:82,0
DA:83,0
DA:84,0
DA:89,0
DA:90,0
DA:91,0
DA:92,0
DA:94,0
DA:104,0
DA:106,0
DA:107,0
DA:108,0
DA:109,0
DA:110,0
DA:111,0
DA:113,0
DA:117,0
DA:119,0
DA:120,0
DA:122,0
DA:125,0
DA:126,0
DA:130,0
DA:133,0
DA:134,0
DA:138,0
DA:139,0
DA:140,0
DA:143,0
DA:144,0
DA:146,0
DA:147,0
DA:150,0
DA:151,0
DA:152,0
DA:155,0
DA:156,0
DA:158,0
DA:159,0
DA:162,0
DA:163,0
DA:164,0
DA:165,0
DA:166,0
DA:167,0
DA:168,0
DA:170,0
DA:171,0
DA:173,0
DA:174,0
DA:177,0
DA:178,0
DA:179,0
DA:181,0
DA:182,0
DA:183,0
DA:185,0
DA:186,0
DA:187,0
DA:188,0
DA:199,0
DA:202,0
DA:209,0
DA:216,0
DA:217,0
DA:219,0
DA:223,0
DA:224,0
DA:226,0
DA:230,0
DA:231,0
DA:232,0
DA:234,0
DA:235,0
DA:238,0
DA:245,0
DA:248,0
DA:249,0
DA:250,0
DA:251,0
DA:252,0
DA:253,0
DA:254,0
DA:260,0
DA:261,0
DA:262,0
DA:264,0
DA:265,0
DA:266,0
DA:269,0
DA:277,0
DA:278,0
DA:295,0
DA:296,0
DA:297,0
DA:298,0
DA:299,0
DA:300,0
DA:302,0
DA:303,0
DA:304,0
DA:305,0
DA:306,0
DA:308,0
DA:309,0
DA:310,0
DA:318,0
DA:323,0
DA:330,0
DA:331,0
DA:335,0
DA:337,0
DA:338,0
DA:342,0
DA:345,0
DA:346,0
DA:347,0
DA:348,0
DA:351,0
DA:352,0
DA:353,0
DA:357,0
DA:360,0
DA:361,0
DA:366,0
DA:367,0
DA:368,0
DA:369,0
DA:371,0
DA:372,0
DA:373,0
DA:376,0
DA:377,0
DA:381,0
DA:382,0
DA:383,0
DA:384,0
DA:385,0
DA:391,0
DA:392,0
DA:393,0
DA:396,0
DA:397,0
DA:398,0
DA:402,0
DA:403,0
DA:407,0
DA:414,0
DA:418,0
DA:419,0
DA:421,0
DA:422,0
DA:424,0
DA:427,0
DA:428,0
DA:429,0
DA:436,0
DA:438,0
DA:441,0
DA:442,0
DA:443,0
DA:444,0
DA:447,0
DA:448,0
DA:449,0
DA:454,0
DA:460,0
DA:461,0
DA:463,0
DA:467,0
DA:468,0
DA:473,0
DA:479,0
DA:480,0
DA:481,0
DA:482,0
DA:483,0
DA:485,0
DA:486,0
DA:489,0
DA:494,0
DA:495,0
DA:498,0
DA:499,0
DA:505,0
DA:506,0
DA:507,0
DA:514,0
DA:515,0
DA:516,0
DA:522,0
DA:523,0
DA:526,0
DA:528,0
DA:529,0
DA:531,0
DA:532,0
DA:533,0
DA:537,0
DA:538,0
DA:543,0
DA:545,0
DA:546,0
DA:552,0
DA:553,0
DA:554,0
DA:555,0
DA:561,0
DA:564,0
DA:566,0
DA:567,0
DA:568,0
DA:571,0
DA:572,0
DA:579,0
DA:581,0
DA:582,0
DA:583,0
DA:584,0
DA:587,0
DA:588,0
DA:600,0
DA:601,0
DA:602,0
DA:603,0
DA:604,0
DA:605,0
DA:608,0
DA:609,0
DA:612,0
DA:613,0
DA:615,0
DA:616,0
DA:626,0
DA:628,0
DA:629,0
DA:630,0
DA:633,0
DA:634,0
DA:635,0
DA:640,0
DA:641,0
DA:643,0
DA:644,0
DA:647,0
DA:648,0
DA:649,0
DA:650,0
DA:651,0
DA:654,0
DA:655,0
DA:656,0
DA:657,0
DA:658,0
DA:659,0
DA:663,0
DA:665,0
DA:666,0
DA:672,0
DA:674,0
DA:675,0
DA:676,0
DA:677,0
DA:679,0
DA:682,0
DA:683,0
DA:686,0
DA:687,0
DA:690,0
DA:692,0
DA:693,0
DA:694,0
DA:695,0
DA:697,0
DA:698,0
DA:699,0
DA:700,0
DA:703,0
DA:715,0
DA:719,0
DA:722,0
DA:724,0
DA:725,0
DA:730,0
DA:731,0
DA:732,0
DA:733,0
DA:734,0
DA:736,0
DA:737,0
DA:740,0
DA:745,0
DA:746,0
DA:750,0
DA:751,0
DA:753,0
DA:754,0
DA:760,0
DA:761,0
DA:763,0
DA:764,0
DA:765,0
DA:766,0
DA:767,0
DA:772,0
DA:773,0
DA:774,0
DA:775,0
DA:776,0
DA:777,0
DA:778,0
DA:780,0
DA:782,0
DA:783,0
DA:790,0
DA:793,0
DA:794,0
DA:795,0
DA:798,0
DA:799,0
DA:800,0
DA:801,0
DA:802,0
DA:803,0
DA:806,0
DA:810,0
DA:811,0
DA:812,0
DA:813,0
DA:815,0
DA:816,0
DA:817,0
DA:818,0
DA:821,0
DA:833,0
DA:835,0
DA:839,0
DA:842,0
DA:844,0
DA:845,0
DA:850,0
DA:855,0
DA:856,0
DA:857,0
DA:858,0
DA:859,0
DA:861,0
DA:862,0
DA:865,0
DA:870,0
DA:871,0
DA:874,0
DA:875,0
DA:881,0
DA:882,0
DA:883,0
DA:889,0
DA:890,0
DA:893,0
DA:896,0
DA:897,0
DA:898,0
DA:901,0
DA:903,0
DA:904,0
DA:912,0
DA:915,0
DA:916,0
DA:917,0
DA:918,0
DA:921,0
DA:926,0
DA:927,0
DA:928,0
DA:929,0
DA:930,0
DA:931,0
DA:937,0
DA:938,0
DA:939,0
DA:940,0
DA:941,0
DA:942,0
DA:945,0
DA:946,0
DA:947,0
DA:948,0
DA:949,0
DA:950,0
DA:954,0
DA:956,0
DA:957,0
DA:963,0
DA:964,0
DA:965,0
DA:966,0
DA:967,0
DA:969,0
DA:971,0
DA:972,0
DA:974,0
DA:975,0
DA:978,0
DA:980,0
DA:981,0
DA:982,0
DA:983,0
DA:985,0
DA:986,0
DA:988,0
DA:999,0
DA:1003,0
DA:1008,0
DA:1010,0
DA:1011,0
DA:1017,0
DA:1018,0
DA:1019,0
DA:1020,0
DA:1021,0
DA:1022,0
DA:1023,0
DA:1027,0
DA:1031,0
DA:1032,0
DA:1033,0
DA:1034,0
DA:1035,0
DA:1036,0
DA:1037,0
DA:1040,0
DA:1041,0
DA:1042,0
DA:1048,0
DA:1050,0
DA:1051,0
DA:1052,0
DA:1053,0
DA:1054,0
DA:1056,0
DA:1059,0
DA:1060,0
DA:1062,0
DA:1063,0
DA:1064,0
DA:1065,0
DA:1066,0
DA:1067,0
DA:1071,0
DA:1072,0
DA:1073,0
DA:1074,0
DA:1078,0
DA:1079,0
DA:1085,0
DA:1087,0
DA:1092,0
DA:1093,0
DA:1096,0
DA:1100,0
DA:1103,0
DA:1104,0
DA:1109,0
DA:1110,0
DA:1111,0
DA:1112,0
DA:1113,0
DA:1114,0
DA:1115,0
DA:1118,0
DA:1119,0
DA:1120,0
DA:1122,0
DA:1123,0
DA:1124,0
DA:1128,0
DA:1132,0
DA:1134,0
DA:1139,0
DA:1140,0
DA:1144,0
DA:1150,0
DA:1151,0
DA:1153,0
DA:1154,0
DA:1158,0
DA:1163,0
DA:1164,0
DA:1167,0
DA:1171,0
DA:1172,0
DA:1174,0
DA:1178,0
DA:1180,0
DA:1181,0
DA:1184,0
DA:1187,0
DA:1188,0
DA:1190,0
DA:1191,0
DA:1193,0
DA:1194,0
DA:1197,0
DA:1198,0
DA:1200,0
DA:1201,0
DA:1205,0
DA:1206,0
DA:1208,0
DA:1209,0
DA:1213,0
DA:1214,0
DA:1216,0
DA:1218,0
DA:1221,0
DA:1222,0
DA:1226,0
DA:1227,0
DA:1232,0
DA:1233,0
DA:1234,0
DA:1235,0
DA:1236,0
DA:1242,0
DA:1243,0
DA:1246,0
DA:1247,0
DA:1248,0
DA:1249,0
DA:1250,0
DA:1253,0
DA:1254,0
DA:1255,0
DA:1256,0
DA:1257,0
DA:1258,0
DA:1262,0
DA:1264,0
DA:1265,0
DA:1271,0
DA:1273,0
DA:1274,0
DA:1275,0
DA:1276,0
DA:1278,0
DA:1281,0
DA:1282,0
DA:1285,0
DA:1286,0
DA:1289,0
DA:1292,0
DA:1293,0
DA:1295,0
DA:1296,0
DA:1298,0
DA:1299,0
DA:1300,0
DA:1301,0
DA:1304,0
DA:1316,0
DA:1322,0
DA:1325,0
DA:1326,0
DA:1331,0
DA:1332,0
DA:1333,0
DA:1334,0
DA:1335,0
DA:1337,0
DA:1338,0
DA:1342,0
DA:1347,0
DA:1348,0
DA:1352,0
DA:1357,0
DA:1358,0
DA:1362,0
DA:1364,0
DA:1365,0
DA:1366,0
DA:1369,0
DA:1370,0
DA:1371,0
DA:1374,0
DA:1377,0
DA:1378,0
DA:1382,0
DA:1383,0
DA:1384,0
DA:1386,0
DA:1390,0
DA:1392,0
DA:1395,0
DA:1397,0
DA:1398,0
DA:1401,0
DA:1402,0
DA:1403,0
DA:1407,0
DA:1409,0
DA:1410,0
DA:1411,0
DA:1412,0
DA:1415,0
DA:1416,0
DA:1417,0
DA:1418,0
DA:1420,0
DA:1424,0
DA:1426,0
DA:1428,0
DA:1429,0
DA:1432,0
DA:1433,0
DA:1434,0
DA:1435,0
DA:1436,0
DA:1443,0
DA:1444,0
DA:1451,0
DA:1452,0
DA:1455,0
DA:1456,0
DA:1457,0
DA:1458,0
DA:1459,0
DA:1466,0
DA:1474,0
DA:1475,0
DA:1477,0
DA:1479,0
DA:1480,0
DA:1481,0
DA:1483,0
DA:1484,0
DA:1485,0
DA:1487,0
DA:1489,0
DA:1491,0
DA:1493,0
DA:1524,0
DA:1525,0
DA:1528,0
DA:1532,0
DA:1541,0
DA:1545,0
DA:1546,0
DA:1548,0
DA:1550,0
DA:1551,0
DA:1552,0
DA:1553,0
DA:1554,0
DA:1555,0
DA:1556,0
DA:1562,0
DA:1565,0
DA:1566,0
DA:1569,0
DA:1570,0
DA:1571,0
DA:1573,0
DA:1574,0
DA:1576,0
DA:1579,0
DA:1588,0
DA:1589,0
DA:1590,0
DA:1591,0
DA:1594,0
DA:1600,0
DA:1605,0
DA:1606,0
DA:1607,0
DA:1608,0
DA:1609,0
DA:1612,0
DA:1613,0
DA:1614,0
DA:1615,0
DA:1616,0
DA:1617,0
DA:1618,0
DA:1621,0
DA:1622,0
DA:1623,0
DA:1624,0
DA:1625,0
DA:1626,0
DA:1638,0
DA:1640,0
DA:1645,0
DA:1646,0
DA:1647,0
DA:1648,0
DA:1649,0
DA:1650,0
DA:1652,0
DA:1653,0
DA:1656,0
DA:1657,0
DA:1660,0
DA:1661,0
DA:1664,0
DA:1672,0
DA:1673,0
DA:1677,0
DA:1681,0
DA:1682,0
DA:1683,0
DA:1688,0
DA:1692,0
DA:1695,0
DA:1696,0
DA:1700,0
DA:1701,0
DA:1702,0
DA:1703,0
DA:1704,0
DA:1705,0
DA:1707,0
DA:1708,0
DA:1710,0
DA:1712,0
DA:1713,0
DA:1715,0
DA:1717,0
DA:1718,0
DA:1720,0
DA:1722,0
DA:1723,0
DA:1726,0
DA:1728,0
DA:1731,0
DA:1735,0
DA:1737,0
DA:1752,0
DA:1754,0
DA:1755,0
DA:1757,0
DA:1772,0
DA:1773,0
DA:1780,0
DA:1781,0
DA:1782,0
DA:1785,0
DA:1786,0
DA:1789,0
DA:1790,0
DA:1793,0
DA:1800,0
DA:1841,0
DA:1844,0
DA:1846,0
DA:1847,0
DA:1851,0
DA:1852,0
DA:1854,0
DA:1855,0
DA:1859,0
DA:1864,0
DA:1870,0
DA:1872,0
DA:1873,0
DA:1874,0
DA:1875,0
DA:1879,0
DA:1880,0
DA:1881,0
DA:1883,0
DA:1884,0
DA:1885,0
DA:1886,0
DA:1889,0
DA:1890,0
DA:1900,0
DA:1905,0
DA:1906,0
DA:1907,0
DA:1908,0
DA:1912,0
DA:1913,0
DA:1916,0
DA:1917,0
DA:1920,0
DA:1923,0
DA:1924,0
DA:1936,0
DA:1937,0
DA:1941,0
DA:1942,0
DA:1943,0
DA:1944,0
DA:1951,0
DA:1952,0
DA:1953,0
DA:1954,0
DA:1959,0
DA:1963,0
DA:1966,0
DA:1970,0
DA:1972,0
DA:1974,0
DA:1975,0
DA:1978,0
DA:1980,0
DA:1981,0
DA:1984,0
DA:1985,0
DA:1987,0
DA:1988,0
DA:1991,0
DA:1992,0
DA:1994,0
DA:1995,0
DA:2000,0
DA:2001,0
DA:2005,0
DA:2006,0
DA:2012,0
DA:2013,0
DA:2014,0
DA:2015,0
DA:2019,0
DA:2020,0
DA:2021,0
DA:2022,0
DA:2024,0
DA:2025,0
DA:2026,0
DA:2027,0
DA:2029,0
DA:2031,0
DA:2035,0
DA:2043,0
DA:2044,0
DA:2045,0
DA:2046,0
DA:2048,0
DA:2049,0
DA:2050,0
DA:2052,0
DA:2054,0
DA:2060,0
DA:2061,0
DA:2064,0
DA:2065,0
DA:2068,0
DA:2069,0
DA:2070,0
DA:2071,0
DA:2075,0
DA:2076,0
DA:2078,0
DA:2081,0
DA:2086,0
DA:2087,0
DA:2088,0
DA:2089,0
DA:2091,0
DA:2092,0
DA:2093,0
DA:2096,0
DA:2097,0
DA:2098,0
DA:2100,0
DA:2105,0
DA:2106,0
DA:2107,0
DA:2108,0
DA:2109,0
DA:2111,0
DA:2112,0
DA:2114,0
DA:2115,0
DA:2116,0
DA:2117,0
DA:2118,0
DA:2119,0
DA:2120,0
DA:2121,0
DA:2122,0
DA:2132,0
DA:2133,0
DA:2138,0
DA:2139,0
DA:2140,0
DA:2141,0
DA:2142,0
DA:2144,0
DA:2145,0
DA:2147,0
DA:2149,0
DA:2150,0
DA:2151,0
DA:2152,0
DA:2153,0
DA:2154,0
DA:2157,0
DA:2158,0
DA:2159,0
DA:2160,0
DA:2167,0
DA:2168,0
DA:2169,0
DA:2173,0
DA:2174,0
DA:2177,0
DA:2185,0
DA:2186,0
DA:2191,0
DA:2192,0
DA:2193,0
DA:2194,0
DA:2195,0
DA:2197,0
DA:2198,0
DA:2200,0
DA:2202,0
DA:2203,0
DA:2204,0
DA:2205,0
DA:2206,0
DA:2207,0
DA:2210,0
DA:2211,0
DA:2212,0
DA:2213,0
DA:2216,0
DA:2217,0
DA:2221,0
DA:2222,0
DA:2225,0
DA:2228,0
DA:2229,0
DA:2234,0
DA:2235,0
DA:2236,0
DA:2237,0
DA:2238,0
DA:2239,0
DA:2242,0
DA:2243,0
DA:2244,0
DA:2247,0
DA:2248,0
DA:2249,0
DA:2250,0
DA:2253,0
DA:2254,0
DA:2257,0
DA:2263,0
DA:2288,0
DA:2313,0
DA:2314,0
DA:2315,0
DA:2321,0
DA:2322,0
DA:2325,0
DA:2326,0
DA:2327,0
DA:2328,0
DA:2331,0
DA:2332,0
DA:2334,0
DA:2335,0
DA:2341,0
DA:2342,0
DA:2344,0
DA:2346,0
DA:2347,0
DA:2351,0
DA:2353,0
DA:2354,0
DA:2357,0
DA:2358,0
DA:2361,0
DA:2362,0
DA:2363,0
DA:2364,0
DA:2365,0
DA:2367,0
DA:2368,0
DA:2370,0
DA:2379,0
DA:2383,0
DA:2384,0
DA:2385,0
DA:2386,0
DA:2387,0
DA:2388,0
DA:2389,0
DA:2392,0
DA:2393,0
DA:2394,0
DA:2397,0
DA:2401,0
DA:2404,0
DA:2406,0
DA:2407,0
DA:2417,0
DA:2419,0
DA:2420,0
DA:2423,0
DA:2424,0
DA:2427,0
DA:2428,0
DA:2429,0
DA:2431,0
DA:2432,0
DA:2434,0
DA:2437,0
DA:2438,0
DA:2441,0
DA:2442,0
DA:2444,0
DA:2445,0
DA:2446,0
DA:2448,0
DA:2450,0
DA:2451,0
DA:2454,0
DA:2456,0
DA:2458,0
DA:2459,0
DA:2461,0
DA:2463,0
DA:2464,0
DA:2465,0
DA:2466,0
DA:2467,0
DA:2471,0
DA:2472,0
DA:2473,0
DA:2475,0
DA:2482,0
DA:2483,0
DA:2485,0
DA:2488,0
DA:2489,0
DA:2495,0
DA:2496,0
DA:2499,0
DA:2502,0
DA:2503,0
DA:2507,0
DA:2508,0
DA:2510,0
DA:2511,0
DA:2513,0
DA:2514,0
DA:2515,0
DA:2517,0
DA:2518,0
DA:2520,0
DA:2522,0
DA:2523,0
DA:2524,0
DA:2525,0
DA:2527,0
DA:2529,0
DA:2538,0
DA:2539,0
DA:2540,0
DA:2541,0
DA:2543,0
DA:2546,0
DA:2547,0
DA:2550,0
DA:2552,0
DA:2553,0
DA:2554,0
DA:2557,0
DA:2568,0
DA:2569,0
DA:2574,0
DA:2575,0
DA:2576,0
DA:2577,0
DA:2578,0
DA:2579,0
DA:2581,0
DA:2582,0
DA:2585,0
DA:2586,0
DA:2587,0
DA:2590,0
DA:2594,0
DA:2596,0
DA:2597,0
DA:2600,0
DA:2601,0
DA:2604,0
DA:2605,0
DA:2606,0
DA:2607,0
DA:2608,0
DA:2609,0
DA:2610,0
DA:2611,0
DA:2615,0
DA:2617,0
DA:2619,0
DA:2620,0
DA:2625,0
DA:2626,0
DA:2627,0
DA:2628,0
DA:2629,0
DA:2630,0
DA:2631,0
DA:2634,0
DA:2638,0
DA:2640,0
DA:2645,0
DA:2656,0
DA:2664,0
DA:2665,0
DA:2670,0
DA:2671,0
DA:2672,0
DA:2673,0
DA:2674,0
DA:2675,0
DA:2676,0
DA:2679,0
DA:2680,0
DA:2681,0
DA:2684,0
DA:2688,0
DA:2690,0
DA:2691,0
DA:2692,0
DA:2693,0
DA:2694,0
DA:2695,0
DA:2696,0
DA:2697,0
DA:2698,0
DA:2699,0
DA:2701,0
DA:2706,0
DA:2707,0
DA:2708,0
DA:2710,0
DA:2712,0
DA:2717,0
DA:2718,0
DA:2723,0
DA:2724,0
DA:2725,0
DA:2726,0
DA:2727,0
DA:2731,0
DA:2736,0
DA:2737,0
DA:2738,0
DA:2741,0
DA:2750,0
DA:2752,0
DA:2753,0
DA:2758,0
DA:2759,0
DA:2760,0
DA:2761,0
DA:2765,0
DA:2766,0
DA:2769,0
DA:2770,0
DA:2773,0
DA:2777,0
DA:2778,0
DA:2781,0
DA:2782,0
DA:2783,0
DA:2784,0
DA:2787,0
DA:2789,0
DA:2794,0
DA:2804,0
DA:2805,0
DA:2809,0
LF:1210
LH:0
BRDA:73,0,0,0
BRDA:73,0,1,0
BRDA:74,1,0,0
BRDA:74,1,1,0
BRDA:75,2,0,0
BRDA:75,2,1,0
BRDA:76,3,0,0
BRDA:76,3,1,0
BRDA:79,4,0,0
BRDA:79,4,1,0
BRDA:80,5,0,0
BRDA:80,5,1,0
BRDA:81,6,0,0
BRDA:81,6,1,0
BRDA:82,7,0,0
BRDA:82,7,1,0
BRDA:84,8,0,0
BRDA:84,8,1,0
BRDA:89,9,0,0
BRDA:89,9,1,0
BRDA:90,10,0,0
BRDA:90,10,1,0
BRDA:91,11,0,0
BRDA:91,11,1,0
BRDA:91,12,0,0
BRDA:91,12,1,0
BRDA:108,13,0,0
BRDA:108,13,1,0
BRDA:110,14,0,0
BRDA:110,14,1,0
BRDA:120,15,0,0
BRDA:120,15,1,0
BRDA:125,16,0,0
BRDA:125,16,1,0
BRDA:133,17,0,0
BRDA:133,17,1,0
BRDA:133,18,0,0
BRDA:133,18,1,0
BRDA:139,19,0,0
BRDA:139,19,1,0
BRDA:143,20,0,0
BRDA:143,20,1,0
BRDA:151,21,0,0
BRDA:151,21,1,0
BRDA:155,22,0,0
BRDA:155,22,1,0
BRDA:165,23,0,0
BRDA:165,23,1,0
BRDA:165,24,0,0
BRDA:165,24,1,0
BRDA:170,25,0,0
BRDA:170,25,1,0
BRDA:178,26,0,0
BRDA:178,26,1,0
BRDA:179,27,0,0
BRDA:179,27,1,0
BRDA:181,28,0,0
BRDA:181,28,1,0
BRDA:182,29,0,0
BRDA:182,29,1,0
BRDA:183,30,0,0
BRDA:183,30,1,0
BRDA:185,31,0,0
BRDA:185,31,1,0
BRDA:185,32,0,0
BRDA:185,32,1,0
BRDA:187,33,0,0
BRDA:187,33,1,0
BRDA:216,34,0,0
BRDA:216,34,1,0
BRDA:223,35,0,0
BRDA:223,35,1,0
BRDA:234,36,0,0
BRDA:234,36,1,0
BRDA:253,37,0,0
BRDA:253,37,1,0
BRDA:264,38,0,0
BRDA:264,38,1,0
BRDA:264,39,0,0
BRDA:264,39,1,0
BRDA:272,40,0,0
BRDA:272,40,1,0
BRDA:273,41,0,0
BRDA:273,41,1,0
BRDA:276,42,0,0
BRDA:276,42,1,0
BRDA:277,43,0,0
BRDA:277,43,1,0
BRDA:277,43,2,0
BRDA:280,44,0,0
BRDA:280,44,1,0
BRDA:283,45,0,0
BRDA:283,45,1,0
BRDA:285,46,0,0
BRDA:285,46,1,0
BRDA:295,47,0,0
BRDA:295,47,1,0
BRDA:295,48,0,0
BRDA:295,48,1,0
BRDA:298,49,0,0
BRDA:298,49,1,0
BRDA:299,50,0,0
BRDA:299,50,1,0
BRDA:300,51,0,0
BRDA:300,51,1,0
BRDA:304,52,0,0
BRDA:304,52,1,0
BRDA:305,53,0,0
BRDA:305,53,1,0
BRDA:306,54,0,0
BRDA:306,54,1,0
BRDA:309,55,0,0
BRDA:309,55,1,0
BRDA:309,56,0,0
BRDA:309,56,1,0
BRDA:311,57,0,0
BRDA:311,57,1,0
BRDA:320,58,0,0
BRDA:320,58,1,0
BRDA:328,59,0,0
BRDA:328,59,1,0
BRDA:334,60,0,0
BRDA:334,60,1,0
BRDA:335,61,0,0
BRDA:335,61,1,0
BRDA:336,62,0,0
BRDA:336,62,1,0
BRDA:345,63,0,0
BRDA:345,63,1,0
BRDA:346,64,0,0
BRDA:346,64,1,0
BRDA:347,65,0,0
BRDA:347,65,1,0
BRDA:351,66,0,0
BRDA:351,66,1,0
BRDA:372,67,0,0
BRDA:372,67,1,0
BRDA:372,68,0,0
BRDA:372,68,1,0
BRDA:376,69,0,0
BRDA:376,69,1,0
BRDA:384,70,0,0
BRDA:384,70,1,0
BRDA:396,71,0,0
BRDA:396,71,1,0
BRDA:396,72,0,0
BRDA:396,72,1,0
BRDA:402,73,0,0
BRDA:402,73,1,0
BRDA:402,74,0,0
BRDA:402,74,1,0
BRDA:410,75,0,0
BRDA:410,75,1,0
BRDA:411,76,0,0
BRDA:411,76,1,0
BRDA:411,77,0,0
BRDA:411,77,1,0
BRDA:441,78,0,0
BRDA:441,78,1,0
BRDA:442,79,0,0
BRDA:442,79,1,0
BRDA:443,80,0,0
BRDA:443,80,1,0
BRDA:447,81,0,0
BRDA:447,81,1,0
BRDA:485,82,0,0
BRDA:485,82,1,0
BRDA:485,83,0,0
BRDA:485,83,1,0
BRDA:494,84,0,0
BRDA:494,84,1,0
BRDA:498,85,0,0
BRDA:498,85,1,0
BRDA:506,86,0,0
BRDA:506,86,1,0
BRDA:515,87,0,0
BRDA:515,87,1,0
BRDA:531,88,0,0
BRDA:531,88,1,0
BRDA:531,89,0,0
BRDA:531,89,1,0
BRDA:537,90,0,0
BRDA:537,90,1,0
BRDA:552,91,0,0
BRDA:552,91,1,0
BRDA:552,92,0,0
BRDA:552,92,1,0
BRDA:554,93,0,0
BRDA:554,93,1,0
BRDA:566,94,0,0
BRDA:566,94,1,0
BRDA:566,95,0,0
BRDA:566,95,1,0
BRDA:566,95,2,0
BRDA:571,96,0,0
BRDA:571,96,1,0
BRDA:587,97,0,0
BRDA:587,97,1,0
BRDA:587,98,0,0
BRDA:587,98,1,0
BRDA:603,99,0,0
BRDA:603,99,1,0
BRDA:603,99,2,0
BRDA:604,100,0,0
BRDA:604,100,1,0
BRDA:608,101,0,0
BRDA:608,101,1,0
BRDA:620,102,0,0
BRDA:620,102,1,0
BRDA:621,103,0,0
BRDA:621,103,1,0
BRDA:628,104,0,0
BRDA:628,104,1,0
BRDA:629,105,0,0
BRDA:629,105,1,0
BRDA:633,106,0,0
BRDA:633,106,1,0
BRDA:643,107,0,0
BRDA:643,107,1,0
BRDA:651,108,0,0
BRDA:651,108,1,0
BRDA:655,109,0,0
BRDA:655,109,1,0
BRDA:665,110,0,0
BRDA:665,110,1,0
BRDA:666,111,0,0
BRDA:666,111,1,0
BRDA:674,112,0,0
BRDA:674,112,1,0
BRDA:676,113,0,0
BRDA:676,113,1,0
BRDA:676,114,0,0
BRDA:676,114,1,0
BRDA:682,115,0,0
BRDA:682,115,1,0
BRDA:686,116,0,0
BRDA:686,116,1,0
BRDA:690,117,0,0
BRDA:690,117,1,0
BRDA:695,118,0,0
BRDA:695,118,1,0
BRDA:695,119,0,0
BRDA:695,119,1,0
BRDA:698,120,0,0
BRDA:698,120,1,0
BRDA:736,121,0,0
BRDA:736,121,1,0
BRDA:736,122,0,0
BRDA:736,122,1,0
BRDA:745,123,0,0
BRDA:745,123,1,0
BRDA:750,124,0,0
BRDA:750,124,1,0
BRDA:751,125,0,0
BRDA:751,125,1,0
BRDA:751,125,2,0
BRDA:753,126,0,0
BRDA:753,126,1,0
BRDA:760,127,0,0
BRDA:760,127,1,0
BRDA:764,128,0,0
BRDA:764,128,1,0
BRDA:766,129,0,0
BRDA:766,129,1,0
BRDA:766,130,0,0
BRDA:766,130,1,0
BRDA:793,131,0,0
BRDA:793,131,1,0
BRDA:795,132,0,0
BRDA:795,132,1,0
BRDA:799,133,0,0
BRDA:799,133,1,0
BRDA:806,134,0,0
BRDA:806,134,1,0
BRDA:813,135,0,0
BRDA:813,135,1,0
BRDA:813,136,0,0
BRDA:813,136,1,0
BRDA:816,137,0,0
BRDA:816,137,1,0
BRDA:861,138,0,0
BRDA:861,138,1,0
BRDA:861,139,0,0
BRDA:861,139,1,0
BRDA:870,140,0,0
BRDA:870,140,1,0
BRDA:874,141,0,0
BRDA:874,141,1,0
BRDA:882,142,0,0
BRDA:882,142,1,0
BRDA:896,143,0,0
BRDA:896,143,1,0
BRDA:896,144,0,0
BRDA:896,144,1,0
BRDA:896,144,2,0
BRDA:908,145,0,0
BRDA:908,145,1,0
BRDA:915,146,0,0
BRDA:915,146,1,0
BRDA:915,147,0,0
BRDA:915,147,1,0
BRDA:915,147,2,0
BRDA:916,148,0,0
BRDA:916,148,1,0
BRDA:917,149,0,0
BRDA:917,149,1,0
BRDA:928,150,0,0
BRDA:928,150,1,0
BRDA:928,151,0,0
BRDA:928,151,1,0
BRDA:930,152,0,0
BRDA:930,152,1,0
BRDA:937,153,0,0
BRDA:937,153,1,0
BRDA:942,154,0,0
BRDA:942,154,1,0
BRDA:946,155,0,0
BRDA:946,155,1,0
BRDA:956,156,0,0
BRDA:956,156,1,0
BRDA:957,157,0,0
BRDA:957,157,1,0
BRDA:964,158,0,0
BRDA:964,158,1,0
BRDA:966,159,0,0
BRDA:966,159,1,0
BRDA:966,160,0,0
BRDA:966,160,1,0
BRDA:971,161,0,0
BRDA:971,161,1,0
BRDA:974,162,0,0
BRDA:974,162,1,0
BRDA:978,163,0,0
BRDA:978,163,1,0
BRDA:983,164,0,0
BRDA:983,164,1,0
BRDA:983,165,0,0
BRDA:983,165,1,0
BRDA:986,166,0,0
BRDA:986,166,1,0
BRDA:1017,167,0,0
BRDA:1017,167,1,0
BRDA:1019,168,0,0
BRDA:1019,168,1,0
BRDA:1019,169,0,0
BRDA:1019,169,1,0
BRDA:1019,169,2,0
BRDA:1022,170,0,0
BRDA:1022,170,1,0
BRDA:1022,171,0,0
BRDA:1022,171,1,0
BRDA:1035,172,0,0
BRDA:1035,172,1,0
BRDA:1036,173,0,0
BRDA:1036,173,1,0
BRDA:1041,174,0,0
BRDA:1041,174,1,0
BRDA:1053,175,0,0
BRDA:1053,175,1,0
BRDA:1060,176,0,0
BRDA:1060,176,1,0
BRDA:1062,177,0,0
BRDA:1062,177,1,0
BRDA:1064,178,0,0
BRDA:1064,178,1,0
BRDA:1065,179,0,0
BRDA:1065,179,1,0
BRDA:1066,180,0,0
BRDA:1066,180,1,0
BRDA:1073,181,0,0
BRDA:1073,181,1,0
BRDA:1078,182,0,0
BRDA:1078,182,1,0
BRDA:1078,183,0,0
BRDA:1078,183,1,0
BRDA:1092,184,0,0
BRDA:1092,184,1,0
BRDA:1113,185,0,0
BRDA:1113,185,1,0
BRDA:1114,186,0,0
BRDA:1114,186,1,0
BRDA:1122,187,0,0
BRDA:1122,187,1,0
BRDA:1123,188,0,0
BRDA:1123,188,1,0
BRDA:1128,189,0,0
BRDA:1128,189,1,0
BRDA:1129,190,0,0
BRDA:1129,190,1,0
BRDA:1139,191,0,0
BRDA:1139,191,1,0
BRDA:1150,192,0,0
BRDA:1150,192,1,0
BRDA:1153,193,0,0
BRDA:1153,193,1,0
BRDA:1163,194,0,0
BRDA:1163,194,1,0
BRDA:1171,195,0,0
BRDA:1171,195,1,0
BRDA:1177,196,0,0
BRDA:1177,196,1,0
BRDA:1178,197,0,0
BRDA:1178,197,1,0
BRDA:1179,198,0,0
BRDA:1179,198,1,0
BRDA:1187,199,0,0
BRDA:1187,199,1,0
BRDA:1188,200,0,0
BRDA:1188,200,1,0
BRDA:1197,201,0,0
BRDA:1197,201,1,0
BRDA:1205,202,0,0
BRDA:1205,202,1,0
BRDA:1213,203,0,0
BRDA:1213,203,1,0
BRDA:1214,204,0,0
BRDA:1214,204,1,0
BRDA:1216,205,0,0
BRDA:1216,205,1,0
BRDA:1216,206,0,0
BRDA:1216,206,1,0
BRDA:1221,207,0,0
BRDA:1221,207,1,0
BRDA:1226,208,0,0
BRDA:1226,208,1,0
BRDA:1233,209,0,0
BRDA:1233,209,1,0
BRDA:1233,210,0,0
BRDA:1233,210,1,0
BRDA:1235,211,0,0
BRDA:1235,211,1,0
BRDA:1242,212,0,0
BRDA:1242,212,1,0
BRDA:1250,213,0,0
BRDA:1250,213,1,0
BRDA:1254,214,0,0
BRDA:1254,214,1,0
BRDA:1264,215,0,0
BRDA:1264,215,1,0
BRDA:1265,216,0,0
BRDA:1265,216,1,0
BRDA:1273,217,0,0
BRDA:1273,217,1,0
BRDA:1275,218,0,0
BRDA:1275,218,1,0
BRDA:1275,219,0,0
BRDA:1275,219,1,0
BRDA:1281,220,0,0
BRDA:1281,220,1,0
BRDA:1285,221,0,0
BRDA:1285,221,1,0
BRDA:1289,222,0,0
BRDA:1289,222,1,0
BRDA:1296,223,0,0
BRDA:1296,223,1,0
BRDA:1296,224,0,0
BRDA:1296,224,1,0
BRDA:1299,225,0,0
BRDA:1299,225,1,0
BRDA:1335,226,0,0
BRDA:1335,226,1,0
BRDA:1337,227,0,0
BRDA:1337,227,1,0
BRDA:1347,228,0,0
BRDA:1347,228,1,0
BRDA:1357,229,0,0
BRDA:1357,229,1,0
BRDA:1364,230,0,0
BRDA:1364,230,1,0
BRDA:1365,231,0,0
BRDA:1365,231,1,0
BRDA:1369,232,0,0
BRDA:1369,232,1,0
BRDA:1386,233,0,0
BRDA:1386,233,1,0
BRDA:1390,234,0,0
BRDA:1390,234,1,0
BRDA:1390,235,0,0
BRDA:1390,235,1,0
BRDA:1392,236,0,0
BRDA:1392,236,1,0
BRDA:1392,237,0,0
BRDA:1392,237,1,0
BRDA:1395,238,0,0
BRDA:1395,238,1,0
BRDA:1401,239,0,0
BRDA:1401,239,1,0
BRDA:1401,240,0,0
BRDA:1401,240,1,0
BRDA:1407,241,0,0
BRDA:1407,241,1,0
BRDA:1409,242,0,0
BRDA:1409,242,1,0
BRDA:1409,243,0,0
BRDA:1409,243,1,0
BRDA:1412,244,0,0
BRDA:1412,244,1,0
BRDA:1415,245,0,0
BRDA:1415,245,1,0
BRDA:1415,246,0,0
BRDA:1415,246,1,0
BRDA:1428,247,0,0
BRDA:1428,247,1,0
BRDA:1428,248,0,0
BRDA:1428,248,1,0
BRDA:1432,249,0,0
BRDA:1432,249,1,0
BRDA:1435,250,0,0
BRDA:1435,250,1,0
BRDA:1443,251,0,0
BRDA:1443,251,1,0
BRDA:1451,252,0,0
BRDA:1451,252,1,0
BRDA:1455,253,0,0
BRDA:1455,253,1,0
BRDA:1458,254,0,0
BRDA:1458,254,1,0
BRDA:1466,255,0,0
BRDA:1466,255,1,0
BRDA:1466,256,0,0
BRDA:1466,256,1,0
BRDA:1479,257,0,0
BRDA:1479,257,1,0
BRDA:1480,258,0,0
BRDA:1480,258,1,0
BRDA:1484,259,0,0
BRDA:1484,259,1,0
BRDA:1524,260,0,0
BRDA:1524,260,1,0
BRDA:1545,261,0,0
BRDA:1545,261,1,0
BRDA:1550,262,0,0
BRDA:1550,262,1,0
BRDA:1552,263,0,0
BRDA:1552,263,1,0
BRDA:1552,264,0,0
BRDA:1552,264,1,0
BRDA:1556,265,0,0
BRDA:1556,265,1,0
BRDA:1566,266,0,0
BRDA:1566,266,1,0
BRDA:1569,267,0,0
BRDA:1569,267,1,0
BRDA:1570,268,0,0
BRDA:1570,268,1,0
BRDA:1574,269,0,0
BRDA:1574,269,1,0
BRDA:1582,270,0,0
BRDA:1582,270,1,0
BRDA:1588,271,0,0
BRDA:1588,271,1,0
BRDA:1590,272,0,0
BRDA:1590,272,1,0
BRDA:1612,273,0,0
BRDA:1612,273,1,0
BRDA:1613,274,0,0
BRDA:1613,274,1,0
BRDA:1615,275,0,0
BRDA:1615,275,1,0
BRDA:1616,276,0,0
BRDA:1616,276,1,0
BRDA:1617,277,0,0
BRDA:1617,277,1,0
BRDA:1621,278,0,0
BRDA:1621,278,1,0
BRDA:1622,279,0,0
BRDA:1622,279,1,0
BRDA:1623,280,0,0
BRDA:1623,280,1,0
BRDA:1624,281,0,0
BRDA:1624,281,1,0
BRDA:1649,282,0,0
BRDA:1649,282,1,0
BRDA:1650,283,0,0
BRDA:1650,283,1,0
BRDA:1652,284,0,0
BRDA:1652,284,1,0
BRDA:1656,285,0,0
BRDA:1656,285,1,0
BRDA:1661,286,0,0
BRDA:1661,286,1,0
BRDA:1672,287,0,0
BRDA:1672,287,1,0
BRDA:1681,288,0,0
BRDA:1681,288,1,0
BRDA:1682,289,0,0
BRDA:1682,289,1,0
BRDA:1682,290,0,0
BRDA:1682,290,1,0
BRDA:1702,291,0,0
BRDA:1702,291,1,0
BRDA:1703,292,0,0
BRDA:1703,292,1,0
BRDA:1704,293,0,0
BRDA:1704,293,1,0
BRDA:1704,293,2,0
BRDA:1705,294,0,0
BRDA:1705,294,1,0
BRDA:1710,295,0,0
BRDA:1710,295,1,0
BRDA:1710,296,0,0
BRDA:1710,296,1,0
BRDA:1715,297,0,0
BRDA:1715,297,1,0
BRDA:1715,298,0,0
BRDA:1715,298,1,0
BRDA:1720,299,0,0
BRDA:1720,299,1,0
BRDA:1720,300,0,0
BRDA:1720,300,1,0
BRDA:1728,301,0,0
BRDA:1728,301,1,0
BRDA:1729,302,0,0
BRDA:1729,302,1,0
BRDA:1731,303,0,0
BRDA:1731,303,1,0
BRDA:1732,304,0,0
BRDA:1732,304,1,0
BRDA:1747,305,0,0
BRDA:1747,305,1,0
BRDA:1755,306,0,0
BRDA:1755,306,1,0
BRDA:1772,307,0,0
BRDA:1772,307,1,0
BRDA:1781,308,0,0
BRDA:1781,308,1,0
BRDA:1785,309,0,0
BRDA:1785,309,1,0
BRDA:1786,310,0,0
BRDA:1786,310,1,0
BRDA:1789,311,0,0
BRDA:1789,311,1,0
BRDA:1793,312,0,0
BRDA:1793,312,1,0
BRDA:1841,313,0,0
BRDA:1841,313,1,0
BRDA:1846,314,0,0
BRDA:1846,314,1,0
BRDA:1851,315,0,0
BRDA:1851,315,1,0
BRDA:1854,316,0,0
BRDA:1854,316,1,0
BRDA:1865,317,0,0
BRDA:1865,317,1,0
BRDA:1866,318,0,0
BRDA:1866,318,1,0
BRDA:1872,319,0,0
BRDA:1872,319,1,0
BRDA:1872,320,0,0
BRDA:1872,320,1,0
BRDA:1879,321,0,0
BRDA:1879,321,1,0
BRDA:1879,322,0,0
BRDA:1879,322,1,0
BRDA:1879,322,2,0
BRDA:1883,323,0,0
BRDA:1883,323,1,0
BRDA:1889,324,0,0
BRDA:1889,324,1,0
BRDA:1906,325,0,0
BRDA:1906,325,1,0
BRDA:1912,326,0,0
BRDA:1912,326,1,0
BRDA:1929,327,0,0
BRDA:1929,327,1,0
BRDA:1930,328,0,0
BRDA:1930,328,1,0
BRDA:1931,329,0,0
BRDA:1931,329,1,0
BRDA:1936,330,0,0
BRDA:1936,330,1,0
BRDA:1941,331,0,0
BRDA:1941,331,1,0
BRDA:1942,332,0,0
BRDA:1942,332,1,0
BRDA:1951,333,0,0
BRDA:1951,333,1,0
BRDA:1953,334,0,0
BRDA:1953,334,1,0
BRDA:1953,335,0,0
BRDA:1953,335,1,0
BRDA:1970,336,0,0
BRDA:1970,336,1,0
BRDA:1972,337,0,0
BRDA:1972,337,1,0
BRDA:1978,338,0,0
BRDA:1978,338,1,0
BRDA:1984,339,0,0
BRDA:1984,339,1,0
BRDA:1991,340,0,0
BRDA:1991,340,1,0
BRDA:2014,341,0,0
BRDA:2014,341,1,0
BRDA:2014,342,0,0
BRDA:2014,342,1,0
BRDA:2022,343,0,0
BRDA:2022,343,1,0
BRDA:2025,344,0,0
BRDA:2025,344,1,0
BRDA:2046,345,0,0
BRDA:2046,345,1,0
BRDA:2049,346,0,0
BRDA:2049,346,1,0
BRDA:2060,347,0,0
BRDA:2060,347,1,0
BRDA:2065,348,0,0
BRDA:2065,348,1,0
BRDA:2068,349,0,0
BRDA:2068,349,1,0
BRDA:2070,350,0,0
BRDA:2070,350,1,0
BRDA:2076,351,0,0
BRDA:2076,351,1,0
BRDA:2089,352,0,0
BRDA:2089,352,1,0
BRDA:2091,353,0,0
BRDA:2091,353,1,0
BRDA:2092,354,0,0
BRDA:2092,354,1,0
BRDA:2097,355,0,0
BRDA:2097,355,1,0
BRDA:2107,356,0,0
BRDA:2107,356,1,0
BRDA:2108,357,0,0
BRDA:2108,357,1,0
BRDA:2111,358,0,0
BRDA:2111,358,1,0
BRDA:2111,359,0,0
BRDA:2111,359,1,0
BRDA:2116,360,0,0
BRDA:2116,360,1,0
BRDA:2117,361,0,0
BRDA:2117,361,1,0
BRDA:2117,362,0,0
BRDA:2117,362,1,0
BRDA:2118,363,0,0
BRDA:2118,363,1,0
BRDA:2119,364,0,0
BRDA:2119,364,1,0
BRDA:2120,365,0,0
BRDA:2120,365,1,0
BRDA:2121,366,0,0
BRDA:2121,366,1,0
BRDA:2126,367,0,0
BRDA:2126,367,1,0
BRDA:2127,368,0,0
BRDA:2127,368,1,0
BRDA:2140,369,0,0
BRDA:2140,369,1,0
BRDA:2141,370,0,0
BRDA:2141,370,1,0
BRDA:2144,371,0,0
BRDA:2144,371,1,0
BRDA:2144,372,0,0
BRDA:2144,372,1,0
BRDA:2150,373,0,0
BRDA:2150,373,1,0
BRDA:2151,374,0,0
BRDA:2151,374,1,0
BRDA:2152,375,0,0
BRDA:2152,375,1,0
BRDA:2153,376,0,0
BRDA:2153,376,1,0
BRDA:2157,377,0,0
BRDA:2157,377,1,0
BRDA:2158,378,0,0
BRDA:2158,378,1,0
BRDA:2159,379,0,0
BRDA:2159,379,1,0
BRDA:2159,380,0,0
BRDA:2159,380,1,0
BRDA:2173,381,0,0
BRDA:2173,381,1,0
BRDA:2193,382,0,0
BRDA:2193,382,1,0
BRDA:2194,383,0,0
BRDA:2194,383,1,0
BRDA:2197,384,0,0
BRDA:2197,384,1,0
BRDA:2197,385,0,0
BRDA:2197,385,1,0
BRDA:2203,386,0,0
BRDA:2203,386,1,0
BRDA:2204,387,0,0
BRDA:2204,387,1,0
BRDA:2205,388,0,0
BRDA:2205,388,1,0
BRDA:2206,389,0,0
BRDA:2206,389,1,0
BRDA:2210,390,0,0
BRDA:2210,390,1,0
BRDA:2211,391,0,0
BRDA:2211,391,1,0
BRDA:2212,392,0,0
BRDA:2212,392,1,0
BRDA:2212,393,0,0
BRDA:2212,393,1,0
BRDA:2221,394,0,0
BRDA:2221,394,1,0
BRDA:2237,395,0,0
BRDA:2237,395,1,0
BRDA:2238,396,0,0
BRDA:2238,396,1,0
BRDA:2243,397,0,0
BRDA:2243,397,1,0
BRDA:2248,398,0,0
BRDA:2248,398,1,0
BRDA:2254,399,0,0
BRDA:2254,399,1,0
BRDA:2257,400,0,0
BRDA:2257,400,1,0
BRDA:2258,401,0,0
BRDA:2258,401,1,0
BRDA:2313,402,0,0
BRDA:2313,402,1,0
BRDA:2322,403,0,0
BRDA:2322,403,1,0
BRDA:2327,404,0,0
BRDA:2327,404,1,0
BRDA:2327,405,0,0
BRDA:2327,405,1,0
BRDA:2341,406,0,0
BRDA:2341,406,1,0
BRDA:2342,407,0,0
BRDA:2342,407,1,0
BRDA:2344,408,0,0
BRDA:2344,408,1,0
BRDA:2358,409,0,0
BRDA:2358,409,1,0
BRDA:2365,410,0,0
BRDA:2365,410,1,0
BRDA:2365,411,0,0
BRDA:2365,411,1,0
BRDA:2367,412,0,0
BRDA:2367,412,1,0
BRDA:2368,413,0,0
BRDA:2368,413,1,0
BRDA:2371,414,0,0
BRDA:2371,414,1,0
BRDA:2372,415,0,0
BRDA:2372,415,1,0
BRDA:2373,416,0,0
BRDA:2373,416,1,0
BRDA:2379,417,0,0
BRDA:2379,417,1,0
BRDA:2387,418,0,0
BRDA:2387,418,1,0
BRDA:2388,419,0,0
BRDA:2388,419,1,0
BRDA:2393,420,0,0
BRDA:2393,420,1,0
BRDA:2401,421,0,0
BRDA:2401,421,1,0
BRDA:2404,422,0,0
BRDA:2404,422,1,0
BRDA:2423,423,0,0
BRDA:2423,423,1,0
BRDA:2424,424,0,0
BRDA:2424,424,1,0
BRDA:2428,425,0,0
BRDA:2428,425,1,0
BRDA:2428,426,0,0
BRDA:2428,426,1,0
BRDA:2428,427,0,0
BRDA:2428,427,1,0
BRDA:2429,428,0,0
BRDA:2429,428,1,0
BRDA:2431,429,0,0
BRDA:2431,429,1,0
BRDA:2432,430,0,0
BRDA:2432,430,1,0
BRDA:2432,430,2,0
BRDA:2434,431,0,0
BRDA:2434,431,1,0
BRDA:2434,431,2,0
BRDA:2434,431,3,0
BRDA:2441,432,0,0
BRDA:2441,432,1,0
BRDA:2441,433,0,0
BRDA:2441,433,1,0
BRDA:2445,434,0,0
BRDA:2445,434,1,0
BRDA:2445,435,0,0
BRDA:2445,435,1,0
BRDA:2445,436,0,0
BRDA:2445,436,1,0
BRDA:2446,437,0,0
BRDA:2446,437,1,0
BRDA:2448,438,0,0
BRDA:2448,438,1,0
BRDA:2451,439,0,0
BRDA:2451,439,1,0
BRDA:2451,439,2,0
BRDA:2454,440,0,0
BRDA:2454,440,1,0
BRDA:2463,441,0,0
BRDA:2463,441,1,0
BRDA:2463,442,0,0
BRDA:2463,442,1,0
BRDA:2465,443,0,0
BRDA:2465,443,1,0
BRDA:2467,444,0,0
BRDA:2467,444,1,0
BRDA:2471,445,0,0
BRDA:2471,445,1,0
BRDA:2472,446,0,0
BRDA:2472,446,1,0
BRDA:2472,447,0,0
BRDA:2472,447,1,0
BRDA:2472,448,0,0
BRDA:2472,448,1,0
BRDA:2482,449,0,0
BRDA:2482,449,1,0
BRDA:2488,450,0,0
BRDA:2488,450,1,0
BRDA:2495,451,0,0
BRDA:2495,451,1,0
BRDA:2507,452,0,0
BRDA:2507,452,1,0
BRDA:2510,453,0,0
BRDA:2510,453,1,0
BRDA:2513,454,0,0
BRDA:2513,454,1,0
BRDA:2517,455,0,0
BRDA:2517,455,1,0
BRDA:2524,456,0,0
BRDA:2524,456,1,0
BRDA:2525,457,0,0
BRDA:2525,457,1,0
BRDA:2547,458,0,0
BRDA:2547,458,1,0
BRDA:2553,459,0,0
BRDA:2553,459,1,0
BRDA:2558,460,0,0
BRDA:2558,460,1,0
BRDA:2578,461,0,0
BRDA:2578,461,1,0
BRDA:2579,462,0,0
BRDA:2579,462,1,0
BRDA:2581,463,0,0
BRDA:2581,463,1,0
BRDA:2586,464,0,0
BRDA:2586,464,1,0
BRDA:2594,465,0,0
BRDA:2594,465,1,0
BRDA:2596,466,0,0
BRDA:2596,466,1,0
BRDA:2600,467,0,0
BRDA:2600,467,1,0
BRDA:2604,468,0,0
BRDA:2604,468,1,0
BRDA:2604,469,0,0
BRDA:2604,469,1,0
BRDA:2606,470,0,0
BRDA:2606,470,1,0
BRDA:2611,471,0,0
BRDA:2611,471,1,0
BRDA:2629,472,0,0
BRDA:2629,472,1,0
BRDA:2630,473,0,0
BRDA:2630,473,1,0
BRDA:2638,474,0,0
BRDA:2638,474,1,0
BRDA:2640,475,0,0
BRDA:2640,475,1,0
BRDA:2641,476,0,0
BRDA:2641,476,1,0
BRDA:2644,477,0,0
BRDA:2644,477,1,0
BRDA:2645,478,0,0
BRDA:2645,478,1,0
BRDA:2660,479,0,0
BRDA:2660,479,1,0
BRDA:2674,480,0,0
BRDA:2674,480,1,0
BRDA:2675,481,0,0
BRDA:2675,481,1,0
BRDA:2680,482,0,0
BRDA:2680,482,1,0
BRDA:2688,483,0,0
BRDA:2688,483,1,0
BRDA:2691,484,0,0
BRDA:2691,484,1,0
BRDA:2692,485,0,0
BRDA:2692,485,1,0
BRDA:2692,486,0,0
BRDA:2692,486,1,0
BRDA:2694,487,0,0
BRDA:2694,487,1,0
BRDA:2694,488,0,0
BRDA:2694,488,1,0
BRDA:2694,488,2,0
BRDA:2695,489,0,0
BRDA:2695,489,1,0
BRDA:2701,490,0,0
BRDA:2701,490,1,0
BRDA:2725,491,0,0
BRDA:2725,491,1,0
BRDA:2726,492,0,0
BRDA:2726,492,1,0
BRDA:2737,493,0,0
BRDA:2737,493,1,0
BRDA:2744,494,0,0
BRDA:2744,494,1,0
BRDA:2745,495,0,0
BRDA:2745,495,1,0
BRDA:2746,496,0,0
BRDA:2746,496,1,0
BRDA:2761,497,0,0
BRDA:2761,497,1,0
BRDA:2761,498,0,0
BRDA:2761,498,1,0
BRDA:2765,499,0,0
BRDA:2765,499,1,0
BRDA:2782,500,0,0
BRDA:2782,500,1,0
BRF:1016
BRH:0
end_of_record
TN:
SF:src/routes/health.ts
FN:5,(anonymous_0)
FNF:1
FNH:0
FNDA:0,(anonymous_0)
DA:1,0
DA:3,0
DA:5,0
DA:6,0
DA:9,0
LF:5
LH:0
BRF:0
BRH:0
end_of_record
TN:
SF:src/routes/invites.ts
FN:24,(anonymous_0)
FN:118,(anonymous_1)
FNF:2
FNH:0
FNDA:0,(anonymous_0)
FNDA:0,(anonymous_1)
DA:1,0
DA:3,0
DA:5,0
DA:6,0
DA:7,0
DA:8,0
DA:9,0
DA:10,0
DA:11,0
DA:12,0
DA:13,0
DA:14,0
DA:15,0
DA:17,0
DA:19,0
DA:24,0
DA:25,0
DA:26,0
DA:28,0
DA:29,0
DA:36,0
DA:41,0
DA:42,0
DA:49,0
DA:51,0
DA:56,0
DA:63,0
DA:64,0
DA:71,0
DA:72,0
DA:79,0
DA:83,0
DA:84,0
DA:91,0
DA:96,0
DA:109,0
DA:110,0
DA:118,0
DA:119,0
DA:120,0
DA:122,0
DA:123,0
DA:127,0
DA:128,0
DA:129,0
DA:135,0
DA:137,0
DA:138,0
DA:142,0
DA:147,0
DA:148,0
DA:152,0
DA:153,0
DA:157,0
DA:161,0
DA:162,0
DA:168,0
DA:169,0
DA:175,0
DA:176,0
DA:177,0
DA:181,0
DA:188,0
DA:189,0
DA:200,0
DA:203,0
DA:224,0
DA:244,0
DA:257,0
DA:258,0
DA:265,0
DA:266,0
DA:268,0
DA:269,0
DA:271,0
DA:274,0
DA:279,0
DA:284,0
DA:285,0
DA:298,0
DA:315,0
DA:328,0
DA:343,0
DA:348,0
DA:352,0
DA:372,0
DA:373,0
DA:377,0
LF:88
LH:0
BRDA:28,0,0,0
BRDA:28,0,1,0
BRDA:28,1,0,0
BRDA:28,1,1,0
BRDA:41,2,0,0
BRDA:41,2,1,0
BRDA:49,3,0,0
BRDA:49,3,1,0
BRDA:49,4,0,0
BRDA:49,4,1,0
BRDA:63,5,0,0
BRDA:63,5,1,0
BRDA:63,6,0,0
BRDA:63,6,1,0
BRDA:71,7,0,0
BRDA:71,7,1,0
BRDA:71,8,0,0
BRDA:71,8,1,0
BRDA:83,9,0,0
BRDA:83,9,1,0
BRDA:105,10,0,0
BRDA:105,10,1,0
BRDA:122,11,0,0
BRDA:122,11,1,0
BRDA:122,12,0,0
BRDA:122,12,1,0
BRDA:127,13,0,0
BRDA:127,13,1,0
BRDA:128,14,0,0
BRDA:128,14,1,0
BRDA:137,15,0,0
BRDA:137,15,1,0
BRDA:147,16,0,0
BRDA:147,16,1,0
BRDA:152,17,0,0
BRDA:152,17,1,0
BRDA:152,18,0,0
BRDA:152,18,1,0
BRDA:161,19,0,0
BRDA:161,19,1,0
BRDA:168,20,0,0
BRDA:168,20,1,0
BRDA:168,21,0,0
BRDA:168,21,1,0
BRDA:176,22,0,0
BRDA:176,22,1,0
BRDA:188,23,0,0
BRDA:188,23,1,0
BRDA:200,24,0,0
BRDA:200,24,1,0
BRDA:250,25,0,0
BRDA:250,25,1,0
BRDA:257,26,0,0
BRDA:257,26,1,0
BRDA:257,27,0,0
BRDA:257,27,1,0
BRDA:265,28,0,0
BRDA:265,28,1,0
BRDA:269,29,0,0
BRDA:269,29,1,0
BRDA:274,30,0,0
BRDA:274,30,1,0
BRDA:284,31,0,0
BRDA:284,31,1,0
BRDA:366,32,0,0
BRDA:366,32,1,0
BRF:66
BRH:0
end_of_record
TN:
SF:src/routes/managers.ts
FN:41,(anonymous_0)
FN:84,(anonymous_1)
FN:137,(anonymous_2)
FN:172,(anonymous_3)
FN:225,(anonymous_4)
FN:262,(anonymous_5)
FN:281,(anonymous_6)
FN:304,(anonymous_7)
FN:338,(anonymous_8)
FN:366,(anonymous_9)
FN:398,(anonymous_10)
FNF:11
FNH:0
FNDA:0,(anonymous_0)
FNDA:0,(anonymous_1)
FNDA:0,(anonymous_2)
FNDA:0,(anonymous_3)
FNDA:0,(anonymous_4)
FNDA:0,(anonymous_5)
FNDA:0,(anonymous_6)
FNDA:0,(anonymous_7)
FNDA:0,(anonymous_8)
FNDA:0,(anonymous_9)
FNDA:0,(anonymous_10)
DA:1,0
DA:2,0
DA:3,0
DA:4,0
DA:6,0
DA:8,0
DA:19,0
DA:25,0
DA:31,0
DA:36,0
DA:41,0
DA:42,0
DA:43,0
DA:44,0
DA:47,0
DA:53,0
DA:54,0
DA:61,0
DA:64,0
DA:79,0
DA:80,0
DA:84,0
DA:85,0
DA:86,0
DA:87,0
DA:89,0
DA:90,0
DA:91,0
DA:95,0
DA:96,0
DA:103,0
[...]
DA:143,0
DA:144,0
DA:146,0
DA:147,0
DA:148,0
DA:149,0
DA:150,0
DA:151,0
DA:152,0
DA:153,0
DA:158,0
DA:159,0
DA:160,0
DA:162,0
DA:163,0
DA:165,0
DA:166,0
DA:177,0
DA:178,0
DA:179,0
DA:181,0
DA:182,0
DA:184,0
DA:185,0
DA:188,0
DA:189,0
DA:198,0
DA:199,0
DA:200,0
DA:203,0
DA:204,0
DA:206,0
DA:207,0
DA:212,0
DA:214,0
DA:215,0
DA:218,0
DA:219,0
LF:91
LH:0
BRDA:63,0,0,0
BRDA:63,0,1,0
BRDA:72,1,0,0
BRDA:72,1,1,0
BRDA:109,2,0,0
BRDA:109,2,1,0
BRDA:124,3,0,0
BRDA:124,3,1,0
BRDA:124,3,2,0
BRDA:130,4,0,0
BRDA:130,4,1,0
BRDA:147,5,0,0
BRDA:147,5,1,0
BRDA:177,6,0,0
BRDA:177,6,1,0
BRF:15
BRH:0
end_of_record
TN:
SF:src/scripts/calculate-gpt-costs.ts
FN:88,calculateCosts
FN:123,formatUSD
FN:135,formatNumber
FN:142,analyzeGPTCosts
FN:250,(anonymous_4)
FN:294,(anonymous_5)
FN:295,(anonymous_6)
FN:307,(anonymous_7)
FN:314,(anonymous_8)
FNF:9
FNH:0
FNDA:0,calculateCosts
FNDA:0,formatUSD
FNDA:0,formatNumber
FNDA:0,analyzeGPTCosts
FNDA:0,(anonymous_4)
FNDA:0,(anonymous_5)
FNDA:0,(anonymous_6)
FNDA:0,(anonymous_7)
FNDA:0,(anonymous_8)
DA:53,0
DA:72,0
DA:94,0
DA:95,0
DA:97,0
DA:98,0
DA:100,0
DA:101,0
DA:102,0
DA:104,0
DA:124,0
DA:136,0
DA:144,0
DA:167,0
DA:168,0
DA:169,0
DA:172,0
DA:173,0
DA:174,0
DA:175,0
DA:176,0
DA:177,0
DA:180,0
DA:188,0
DA:189,0
DA:190,0
DA:191,0
DA:192,0
DA:195,0
DA:201,0
DA:202,0
DA:203,0
DA:204,0
DA:205,0
DA:206,0
DA:207,0
DA:210,0
DA:211,0
DA:214,0
DA:215,0
DA:216,0
DA:218,0
DA:219,0
DA:221,0
DA:222,0
DA:223,0
DA:225,0
DA:226,0
DA:227,0
DA:228,0
DA:229,0
DA:230,0
DA:231,0
DA:232,0
DA:233,0
DA:234,0
DA:235,0
DA:236,0
DA:237,0
DA:238,0
DA:239,0
DA:243,0
DA:244,0
DA:245,0
DA:247,0
DA:248,0
DA:250,0
DA:252,0
DA:253,0
DA:254,0
DA:255,0
DA:259,0
DA:269,0
DA:270,0
DA:271,0
DA:273,0
DA:274,0
DA:276,0
DA:277,0
DA:278,0
DA:279,0
DA:281,0
DA:290,0
DA:291,0
DA:292,0
DA:294,0
DA:295,0
DA:296,0
DA:298,0
DA:299,0
DA:301,0
DA:302,0
DA:303,0
DA:305,0
DA:306,0
DA:307,0
DA:308,0
DA:309,0
DA:310,0
DA:313,0
DA:314,0
DA:316,0
DA:320,0
LF:103
LH:0
BRDA:250,0,0,0
BRDA:250,0,1,0
BRDA:255,1,0,0
BRDA:255,1,1,0
BRDA:294,2,0,0
BRDA:294,2,1,0
BRDA:295,3,0,0
BRDA:295,3,1,0
BRDA:308,4,0,0
BRDA:308,4,1,0
BRDA:314,5,0,0
BRDA:314,5,1,0
BRF:12
BRH:0
end_of_record
TN:
SF:src/scripts/fix-conversations.ts
FN:26,fixConversations
FNF:1
FNH:0
FNDA:0,fixConversations
DA:19,0
DA:20,0
DA:21,0
DA:22,0
DA:24,0
DA:27,0
DA:29,0
DA:30,0
DA:31,0
DA:34,0
DA:35,0
DA:37,0
DA:38,0
DA:40,0
DA:41,0
DA:42,0
DA:43,0
DA:45,0
DA:46,0
DA:47,0
DA:50,0
DA:54,0
DA:55,0
DA:56,0
DA:60,0
DA:61,0
DA:63,0
DA:66,0
DA:70,0
DA:71,0
DA:72,0
DA:73,0
DA:74,0
DA:76,0
DA:77,0
DA:79,0
DA:80,0
DA:84,0
LF:38
LH:0
BRDA:29,0,0,0
BRDA:29,0,1,0
BRDA:45,1,0,0
BRDA:45,1,1,0
BRDA:54,2,0,0
BRDA:54,2,1,0
BRDA:54,3,0,0
BRDA:54,3,1,0
BRF:8
BRH:0
end_of_record
TN:
SF:src/scripts/fix-response-field.ts
FN:6,fixResponseField
FNF:1
FNH:0
FNDA:0,fixResponseField
DA:1,0
DA:2,0
DA:4,0
DA:7,0
DA:8,0
DA:9,0
DA:10,0
DA:13,0
DA:14,0
DA:16,0
DA:17,0
DA:18,0
DA:22,0
DA:28,0
DA:29,0
DA:31,0
DA:32,0
DA:34,0
DA:35,0
DA:39,0
LF:20
LH:0
BRDA:9,0,0,0
BRDA:9,0,1,0
BRDA:17,1,0,0
BRDA:17,1,1,0
BRF:4
BRH:0
end_of_record
TN:
SF:src/scripts/migrate-cities.ts
FN:25,migratePreferredCity
FN:66,(anonymous_2)
FN:119,(anonymous_3)
FNF:3
FNH:0
FNDA:0,migratePreferredCity
FNDA:0,(anonymous_2)
FNDA:0,(anonymous_3)
DA:20,0
DA:21,0
DA:23,0
DA:26,0
DA:28,0
DA:29,0
DA:30,0
DA:31,0
DA:34,0
DA:42,0
DA:44,0
DA:45,0
DA:46,0
DA:49,0
DA:50,0
DA:52,0
DA:53,0
DA:54,0
DA:55,0
DA:58,0
DA:66,0
DA:74,0
DA:75,0
DA:77,0
DA:78,0
DA:81,0
DA:82,0
DA:83,0
DA:84,0
DA:87,0
DA:89,0
DA:90,0
DA:94,0
DA:95,0
DA:96,0
DA:97,0
DA:98,0
DA:99,0
DA:100,0
DA:101,0
DA:103,0
DA:104,0
DA:106,0
DA:110,0
DA:111,0
DA:113,0
DA:114,0
DA:119,0
DA:120,0
DA:121,0
LF:50
LH:0
BRDA:28,0,0,0
BRDA:28,0,1,0
BRDA:44,1,0,0
BRDA:44,1,1,0
BRDA:54,2,0,0
BRDA:54,2,1,0
BRDA:66,3,0,0
BRDA:66,3,1,0
BRDA:70,4,0,0
BRDA:70,4,1,0
BRDA:77,5,0,0
BRDA:77,5,1,0
BRDA:100,6,0,0
BRDA:100,6,1,0
BRDA:103,7,0,0
BRDA:103,7,1,0
BRF:16
BRH:0
end_of_record
TN:
SF:src/scripts/migrate-event-status.ts
FN:25,migrateEventStatus
FNF:1
FNH:0
FNDA:0,migrateEventStatus
DA:19,0
DA:20,0
DA:21,0
DA:23,0
DA:26,0
DA:28,0
DA:29,0
DA:30,0
DA:33,0
DA:40,0
DA:42,0
DA:43,0
DA:44,0
DA:46,0
DA:48,0
DA:49,0
DA:50,0
DA:51,0
DA:52,0
DA:54,0
DA:57,0
DA:58,0
DA:59,0
DA:60,0
DA:61,0
DA:62,0
DA:64,0
DA:65,0
DA:69,0
DA:70,0
DA:73,0
DA:84,0
DA:86,0
DA:87,0
DA:91,0
DA:92,0
DA:93,0
DA:94,0
DA:95,0
DA:97,0
DA:98,0
DA:100,0
DA:101,0
DA:105,0
LF:44
LH:0
BRDA:28,0,0,0
BRDA:28,0,1,0
BRDA:51,1,0,0
BRDA:51,1,1,0
BRDA:52,2,0,0
BRDA:52,2,1,0
BRDA:57,3,0,0
BRDA:57,3,1,0
BRDA:59,4,0,0
BRDA:59,4,1,0
BRDA:79,5,0,0
BRDA:79,5,1,0
BRF:12
BRH:0
end_of_record
TN:
SF:src/scripts/rebuild-notification-indexes.ts
FN:9,rebuildNotificationIndexes
FN:34,(anonymous_1)
FNF:2
FNH:0
FNDA:0,rebuildNotificationIndexes
FNDA:0,(anonymous_1)
DA:6,0
DA:7,0
DA:10,0
DA:11,0
DA:12,0
DA:13,0
DA:15,0
DA:16,0
DA:17,0
DA:18,0
DA:20,0
DA:22,0
DA:24,0
DA:28,0
DA:29,0
DA:30,0
DA:32,0
DA:33,0
DA:34,0
DA:35,0
DA:36,0
DA:37,0
DA:41,0
DA:42,0
DA:44,0
DA:45,0
DA:49,0
LF:27
LH:0
BRDA:20,0,0,0
BRDA:20,0,1,0
BRDA:35,1,0,0
BRDA:35,1,1,0
BRDA:36,2,0,0
BRDA:36,2,1,0
BRF:6
BRH:0
end_of_record
TN:
SF:src/scripts/reset-ai-message-limits.ts
FN:11,resetMessageLimits
FN:57,(anonymous_11)
FNF:2
FNH:0
FNDA:0,resetMessageLimits
FNDA:0,(anonymous_11)
DA:1,0
DA:2,0
DA:3,0
DA:5,0
DA:12,0
DA:13,0
DA:14,0
DA:15,0
DA:18,0
DA:19,0
DA:20,0
DA:23,0
DA:27,0
DA:29,0
DA:30,0
DA:31,0
DA:32,0
DA:36,0
DA:37,0
DA:38,0
DA:42,0
DA:51,0
DA:52,0
DA:53,0
DA:56,0
DA:57,0
DA:60,0
DA:61,0
DA:62,0
DA:65,0
DA:66,0
DA:69,0
DA:70,0
DA:75,0
LF:34
LH:0
BRDA:14,0,0,0
BRDA:14,0,1,0
BRDA:29,1,0,0
BRDA:29,1,1,0
BRDA:38,2,0,0
BRDA:38,2,1,0
BRF:6
BRH:0
end_of_record
TN:
SF:src/services/notificationScheduler.ts
FN:8,(anonymous_9)
FN:14,(anonymous_10)
FN:19,(anonymous_11)
FN:20,(anonymous_12)
FN:28,(anonymous_13)
FN:29,(anonymous_14)
FN:37,(anonymous_15)
FN:38,(anonymous_16)
FN:46,(anonymous_17)
FN:47,(anonymous_18)
FN:55,(anonymous_19)
FN:56,(anonymous_20)
FN:68,(anonymous_21)
FN:143,(anonymous_22)
FN:233,(anonymous_23)
FN:269,(anonymous_24)
FN:303,(anonymous_25)
FN:360,(anonymous_26)
FN:423,(anonymous_27)
FN:439,(anonymous_28)
FN:441,(anonymous_29)
FNF:21
FNH:0
FNDA:0,(anonymous_9)
FNDA:0,(anonymous_10)
FNDA:0,(anonymous_11)
FNDA:0,(anonymous_12)
FNDA:0,(anonymous_13)
FNDA:0,(anonymous_14)
FNDA:0,(anonymous_15)
FNDA:0,(anonymous_16)
FNDA:0,(anonymous_17)
FNDA:0,(anonymous_18)
FNDA:0,(anonymous_19)
FNDA:0,(anonymous_20)
FNDA:0,(anonymous_21)
FNDA:0,(anonymous_22)
FNDA:0,(anonymous_23)
FNDA:0,(anonymous_24)
FNDA:0,(anonymous_25)
FNDA:0,(anonymous_26)
FNDA:0,(anonymous_27)
FNDA:0,(anonymous_28)
FNDA:0,(anonymous_29)
DA:1,0
DA:2,0
DA:3,0
DA:4,0
DA:5,0
DA:6,0
DA:9,0
DA:15,0
DA:18,0
DA:20,0
DA:21,0
DA:27,0
DA:29,0
DA:30,0
DA:36,0
DA:38,0
DA:39,0
DA:45,0
DA:47,0
DA:48,0
DA:54,0
DA:56,0
DA:57,0
DA:62,0
DA:69,0
DA:70,0
DA:71,0
DA:72,0
DA:74,0
DA:77,0
DA:86,0
DA:88,0
DA:89,0
DA:91,0
DA:92,0
DA:93,0
DA:96,0
DA:97,0
DA:100,0
DA:101,0
DA:103,0
DA:104,0
DA:109,0
DA:125,0
DA:129,0
DA:136,0
DA:144,0
DA:145,0
DA:146,0
DA:148,0
DA:152,0
DA:158,0
DA:160,0
DA:162,0
DA:163,0
DA:166,0
DA:167,0
DA:169,0
DA:170,0
DA:173,0
DA:175,0
DA:176,0
DA:178,0
DA:179,0
DA:180,0
DA:183,0
DA:184,0
DA:186,0
DA:188,0
DA:189,0
DA:191,0
DA:193,0
DA:209,0
DA:210,0
DA:215,0
DA:220,0
DA:221,0
DA:226,0
DA:234,0
DA:235,0
DA:238,0
DA:243,0
DA:245,0
DA:246,0
DA:259,0
DA:262,0
DA:270,0
DA:271,0
DA:272,0
DA:273,0
DA:275,0
DA:278,0
DA:287,0
DA:289,0
DA:290,0
DA:292,0
DA:293,0
DA:294,0
DA:295,0
DA:297,0
DA:298,0
DA:299,0
DA:302,0
DA:303,0
DA:305,0
DA:307,0
DA:310,0
DA:312,0
DA:313,0
DA:317,0
DA:320,0
DA:321,0
DA:322,0
DA:326,0
DA:337,0
DA:346,0
DA:348,0
DA:353,0
DA:361,0
DA:362,0
DA:363,0
DA:365,0
DA:368,0
DA:374,0
DA:376,0
DA:377,0
DA:379,0
DA:389,0
DA:392,0
DA:393,0
DA:394,0
DA:402,0
DA:404,0
DA:409,0
DA:413,0
DA:416,0
DA:424,0
DA:425,0
DA:426,0
DA:428,0
DA:429,0
DA:431,0
DA:432,0
DA:440,0
DA:441,0
DA:442,0
DA:443,0
DA:448,0
LF:148
LH:0
BRDA:89,0,0,0
BRDA:89,0,1,0
BRDA:93,1,0,0
BRDA:93,1,1,0
BRDA:97,2,0,0
BRDA:97,2,1,0
BRDA:100,3,0,0
BRDA:100,3,1,0
BRDA:101,4,0,0
BRDA:101,4,1,0
BRDA:104,5,0,0
BRDA:104,5,1,0
BRDA:112,6,0,0
BRDA:112,6,1,0
BRDA:117,7,0,0
BRDA:117,7,1,0
BRDA:118,8,0,0
BRDA:118,8,1,0
BRDA:162,9,0,0
BRDA:162,9,1,0
BRDA:163,10,0,0
BRDA:163,10,1,0
BRDA:166,11,0,0
BRDA:166,11,1,0
BRDA:167,12,0,0
BRDA:167,12,1,0
BRDA:167,13,0,0
BRDA:167,13,1,0
BRDA:167,13,2,0
BRDA:173,14,0,0
BRDA:173,14,1,0
BRDA:175,15,0,0
BRDA:175,15,1,0
BRDA:180,16,0,0
BRDA:180,16,1,0
BRDA:183,17,0,0
BRDA:183,17,1,0
BRDA:184,18,0,0
BRDA:184,18,1,0
BRDA:186,19,0,0
BRDA:186,19,1,0
BRDA:186,20,0,0
BRDA:186,20,1,0
BRDA:186,20,2,0
BRDA:189,21,0,0
BRDA:189,21,1,0
BRDA:196,22,0,0
BRDA:196,22,1,0
BRDA:201,23,0,0
BRDA:201,23,1,0
BRDA:202,24,0,0
BRDA:202,24,1,0
BRDA:220,25,0,0
BRDA:220,25,1,0
BRDA:292,26,0,0
BRDA:292,26,1,0
BRDA:298,27,0,0
BRDA:298,27,1,0
BRDA:302,28,0,0
BRDA:302,28,1,0
BRDA:305,29,0,0
BRDA:305,29,1,0
BRDA:312,30,0,0
BRDA:312,30,1,0
BRDA:320,31,0,0
BRDA:320,31,1,0
BRDA:389,32,0,0
BRDA:389,32,1,0
BRDA:392,33,0,0
BRDA:392,33,1,0
BRDA:396,34,0,0
BRDA:396,34,1,0
BRDA:396,34,2,0
BRDA:397,35,0,0
BRDA:397,35,1,0
BRDA:399,36,0,0
BRDA:399,36,1,0
BRDA:426,37,0,0
BRDA:426,37,1,0
BRDA:426,38,0,0
BRDA:426,38,1,0
BRDA:429,39,0,0
BRDA:429,39,1,0
BRF:83
BRH:0
end_of_record
TN:
SF:src/services/notificationService.ts
FN:43,(anonymous_10)
FN:64,(anonymous_11)
FN:196,(anonymous_12)
FN:205,(anonymous_13)
FN:207,(anonymous_14)
FN:213,(anonymous_15)
FN:245,(anonymous_16)
FN:278,(anonymous_17)
FN:323,(anonymous_18)
FN:351,(anonymous_19)
FN:378,(anonymous_20)
FN:385,(anonymous_21)
FN:409,(anonymous_22)
FN:425,(anonymous_23)
FN:444,(anonymous_24)
FN:454,(anonymous_25)
FN:474,(anonymous_26)
FN:492,(anonymous_27)
FNF:18
FNH:0
FNDA:0,(anonymous_10)
FNDA:0,(anonymous_11)
FNDA:0,(anonymous_12)
FNDA:0,(anonymous_13)
FNDA:0,(anonymous_14)
FNDA:0,(anonymous_15)
FNDA:0,(anonymous_16)
FNDA:0,(anonymous_17)
FNDA:0,(anonymous_18)
FNDA:0,(anonymous_19)
FNDA:0,(anonymous_20)
FNDA:0,(anonymous_21)
FNDA:0,(anonymous_22)
FNDA:0,(anonymous_23)
FNDA:0,(anonymous_24)
FNDA:0,(anonymous_25)
FNDA:0,(anonymous_26)
FNDA:0,(anonymous_27)
DA:1,0
DA:2,0
DA:3,0
DA:4,0
DA:5,0
DA:8,0
DA:9,0
DA:12,0
DA:13,0
DA:16,0
DA:19,0
DA:22,0
DA:25,0
DA:44,0
DA:45,0
DA:47,0
DA:48,0
DA:49,0
DA:52,0
DA:53,0
DA:55,0
DA:56,0
DA:72,0
DA:73,0
DA:78,0
DA:79,0
DA:81,0
DA:84,0
DA:85,0
DA:86,0
DA:89,0
DA:92,0
DA:93,0
DA:94,0
DA:97,0
DA:100,0
DA:110,0
DA:113,0
DA:114,0
DA:115,0
DA:116,0
DA:120,0
DA:121,0
DA:122,0
DA:124,0
DA:128,0
DA:131,0
DA:150,0
DA:151,0
DA:154,0
DA:157,0
DA:166,0
DA:167,0
DA:169,0
DA:170,0
DA:174,0
DA:181,0
DA:182,0
DA:185,0
DA:186,0
DA:187,0
DA:189,0
DA:204,0
DA:205,0
DA:207,0
DA:220,0
DA:221,0
DA:222,0
DA:224,0
DA:225,0
DA:227,0
DA:228,0
DA:229,0
DA:230,0
DA:232,0
DA:233,0
DA:234,0
DA:237,0
DA:238,0
DA:251,0
DA:253,0
DA:254,0
DA:259,0
DA:268,0
DA:269,0
DA:271,0
DA:274,0
DA:277,0
DA:278,0
DA:281,0
DA:283,0
DA:284,0
DA:285,0
DA:286,0
DA:290,0
DA:291,0
DA:299,0
DA:300,0
DA:303,0
DA:304,0
DA:307,0
DA:310,0
DA:312,0
DA:315,0
DA:316,0
DA:328,0
DA:329,0
DA:330,0
DA:334,0
DA:339,0
DA:340,0
DA:343,0
DA:344,0
DA:355,0
DA:356,0
DA:357,0
DA:361,0
DA:366,0
DA:367,0
DA:370,0
DA:371,0
DA:383,0
DA:384,0
DA:386,0
DA:387,0
DA:391,0
DA:392,0
DA:394,0
DA:397,0
DA:398,0
DA:401,0
DA:402,0
DA:414,0
DA:426,0
DA:427,0
DA:434,0
DA:436,0
DA:437,0
DA:445,0
DA:458,0
DA:459,0
DA:463,0
DA:468,0
DA:478,0
DA:480,0
DA:481,0
DA:482,0
DA:483,0
DA:484,0
DA:485,0
DA:486,0
DA:487,0
DA:488,0
DA:498,0
DA:500,0
DA:501,0
DA:502,0
DA:504,0
DA:509,0
DA:512,0
LF:160
LH:0
BRDA:8,0,0,0
BRDA:8,0,1,0
BRDA:9,1,0,0
BRDA:9,1,1,0
BRDA:12,2,0,0
BRDA:12,2,1,0
BRDA:13,3,0,0
BRDA:13,3,1,0
BRDA:44,4,0,0
BRDA:44,4,1,0
BRDA:45,5,0,0
BRDA:45,5,1,0
BRDA:47,6,0,0
BRDA:47,6,1,0
BRDA:47,7,0,0
BRDA:47,7,1,0
BRDA:52,8,0,0
BRDA:52,8,1,0
BRDA:55,9,0,0
BRDA:55,9,1,0
BRDA:69,10,0,0
BRDA:78,11,0,0
BRDA:78,11,1,0
BRDA:84,12,0,0
BRDA:84,12,1,0
BRDA:89,13,0,0
BRDA:89,13,1,0
BRDA:92,14,0,0
BRDA:92,14,1,0
BRDA:113,15,0,0
BRDA:113,15,1,0
BRDA:113,16,0,0
BRDA:113,16,1,0
BRDA:120,17,0,0
BRDA:120,17,1,0
BRDA:121,18,0,0
BRDA:121,18,1,0
BRDA:122,19,0,0
BRDA:122,19,1,0
BRDA:150,20,0,0
BRDA:150,20,1,0
BRDA:169,21,0,0
BRDA:169,21,1,0
BRDA:186,22,0,0
BRDA:186,22,1,0
BRDA:201,23,0,0
BRDA:218,24,0,0
BRDA:221,25,0,0
BRDA:221,25,1,0
BRDA:222,26,0,0
BRDA:222,26,1,0
BRDA:234,27,0,0
BRDA:234,27,1,0
BRDA:249,28,0,0
BRDA:253,29,0,0
BRDA:253,29,1,0
BRDA:268,30,0,0
BRDA:268,30,1,0
BRDA:274,31,0,0
BRDA:274,31,1,0
BRDA:277,32,0,0
BRDA:277,32,1,0
BRDA:281,33,0,0
BRDA:281,33,1,0
BRDA:281,34,0,0
BRDA:281,34,1,0
BRDA:284,35,0,0
BRDA:284,35,1,0
BRDA:290,36,0,0
BRDA:290,36,1,0
BRDA:299,37,0,0
BRDA:299,37,1,0
BRDA:304,38,0,0
BRDA:304,38,1,0
BRDA:307,39,0,0
BRDA:307,39,1,0
BRDA:310,40,0,0
BRDA:310,40,1,0
BRDA:326,41,0,0
BRDA:329,42,0,0
BRDA:329,42,1,0
BRDA:353,43,0,0
BRDA:356,44,0,0
BRDA:356,44,1,0
BRDA:381,45,0,0
BRDA:386,46,0,0
BRDA:386,46,1,0
BRDA:391,47,0,0
BRDA:391,47,1,0
BRDA:411,48,0,0
BRDA:412,49,0,0
BRDA:459,50,0,0
BRDA:459,50,1,0
BRDA:478,51,0,0
BRDA:478,51,1,0
BRDA:481,52,0,0
BRDA:481,52,1,0
BRDA:481,52,2,0
BRDA:481,52,3,0
BRDA:481,52,4,0
BRDA:481,52,5,0
BRDA:481,52,6,0
BRDA:482,53,0,0
BRDA:482,53,1,0
BRDA:483,54,0,0
BRDA:483,54,1,0
BRDA:484,55,0,0
BRDA:484,55,1,0
BRDA:485,56,0,0
BRDA:485,56,1,0
BRDA:486,57,0,0
BRDA:486,57,1,0
BRDA:487,58,0,0
BRDA:487,58,1,0
BRDA:500,59,0,0
BRDA:500,59,1,0
BRDA:501,60,0,0
BRDA:501,60,1,0
BRDA:502,61,0,0
BRDA:502,61,1,0
BRF:120
BRH:0
end_of_record
TN:
SF:src/socket/server.ts
FN:15,(anonymous_1)
FN:16,(anonymous_2)
FN:17,(anonymous_3)
FN:18,(anonymous_4)
FN:20,initSocket
FN:23,(anonymous_6)
FN:27,(anonymous_7)
FN:28,(anonymous_8)
FN:39,(anonymous_9)
FN:43,(anonymous_10)
FN:47,(anonymous_11)
FN:48,(anonymous_12)
FN:51,(anonymous_13)
FN:52,(anonymous_14)
FN:56,(anonymous_15)
FN:63,(anonymous_16)
FN:70,(anonymous_17)
FN:81,registerFromPayload
FN:93,(anonymous_19)
FN:96,getIO
FN:103,normalizeAuthPayload
FN:126,emitToManager
FN:131,emitToUser
FN:136,emitToTeams
FN:142,(anonymous_25)
FN:147,emitToEventChat
FN:153,normalizeTeamIds
FN:157,(anonymous_28)
FN:166,(anonymous_29)
FNF:29
FNH:0
FNDA:0,(anonymous_1)
FNDA:0,(anonymous_2)
FNDA:0,(anonymous_3)
FNDA:0,(anonymous_4)
FNDA:0,initSocket
FNDA:0,(anonymous_6)
FNDA:0,(anonymous_7)
FNDA:0,(anonymous_8)
FNDA:0,(anonymous_9)
FNDA:0,(anonymous_10)
FNDA:0,(anonymous_11)
FNDA:0,(anonymous_12)
FNDA:0,(anonymous_13)
FNDA:0,(anonymous_14)
FNDA:0,(anonymous_15)
FNDA:0,(anonymous_16)
FNDA:0,(anonymous_17)
FNDA:0,registerFromPayload
FNDA:0,(anonymous_19)
FNDA:0,getIO
FNDA:0,normalizeAuthPayload
FNDA:0,emitToManager
FNDA:0,emitToUser
FNDA:0,emitToTeams
FNDA:0,(anonymous_25)
FNDA:0,emitToEventChat
FNDA:0,normalizeTeamIds
FNDA:0,(anonymous_28)
FNDA:0,(anonymous_29)
DA:2,0
DA:3,0
DA:5,0
DA:13,0
DA:15,0
DA:16,0
DA:17,0
DA:18,0
DA:20,0
DA:21,0
DA:24,0
DA:25,0
DA:27,0
DA:28,0
DA:29,0
DA:30,0
DA:31,0
DA:32,0
DA:33,0
DA:39,0
DA:40,0
DA:41,0
DA:43,0
DA:44,0
DA:47,0
DA:48,0
DA:51,0
DA:52,0
DA:56,0
DA:57,0
DA:59,0
DA:63,0
DA:64,0
DA:65,0
DA:66,0
DA:70,0
DA:71,0
DA:72,0
DA:73,0
DA:78,0
DA:82,0
DA:83,0
DA:84,0
DA:85,0
DA:87,0
DA:88,0
DA:90,0
DA:91,0
DA:93,0
DA:96,0
DA:97,0
DA:98,0
DA:100,0
DA:104,0
DA:105,0
DA:106,0
DA:107,0
DA:109,0
DA:110,0
DA:113,0
DA:114,0
DA:115,0
DA:117,0
DA:118,0
DA:120,0
DA:122,0
DA:126,0
DA:127,0
DA:128,0
DA:131,0
DA:132,0
DA:133,0
DA:136,0
DA:141,0
DA:142,0
DA:143,0
DA:144,0
DA:147,0
DA:148,0
DA:149,0
DA:150,0
DA:154,0
DA:155,0
DA:156,0
DA:158,0
DA:159,0
DA:161,0
DA:162,0
DA:164,0
DA:166,0
LF:90
LH:0
BRDA:24,0,0,0
BRDA:24,0,1,0
BRDA:25,1,0,0
BRDA:25,1,1,0
BRDA:29,2,0,0
BRDA:29,2,1,0
BRDA:30,3,0,0
BRDA:30,3,1,0
BRDA:31,4,0,0
BRDA:31,4,1,0
BRDA:32,5,0,0
BRDA:32,5,1,0
BRDA:64,6,0,0
BRDA:64,6,1,0
BRDA:64,7,0,0
BRDA:64,7,1,0
BRDA:71,8,0,0
BRDA:71,8,1,0
BRDA:71,9,0,0
BRDA:71,9,1,0
BRDA:82,10,0,0
BRDA:82,10,1,0
BRDA:87,11,0,0
BRDA:87,11,1,0
BRDA:90,12,0,0
BRDA:90,12,1,0
BRDA:97,13,0,0
BRDA:97,13,1,0
BRDA:104,14,0,0
BRDA:104,14,1,0
BRDA:106,15,0,0
BRDA:106,15,1,0
BRDA:106,16,0,0
BRDA:106,16,1,0
BRDA:106,16,2,0
BRDA:114,17,0,0
BRDA:114,17,1,0
BRDA:114,18,0,0
BRDA:114,18,1,0
BRDA:114,18,2,0
BRDA:117,19,0,0
BRDA:117,19,1,0
BRDA:117,20,0,0
BRDA:117,20,1,0
BRDA:127,21,0,0
BRDA:127,21,1,0
BRDA:132,22,0,0
BRDA:132,22,1,0
BRDA:141,23,0,0
BRDA:141,23,1,0
BRDA:143,24,0,0
BRDA:143,24,1,0
BRDA:148,25,0,0
BRDA:148,25,1,0
BRDA:154,26,0,0
BRDA:154,26,1,0
BRDA:155,27,0,0
BRDA:155,27,1,0
BRDA:158,28,0,0
BRDA:158,28,1,0
BRDA:161,29,0,0
BRDA:161,29,1,0
BRF:62
BRH:0
end_of_record
TN:
SF:src/utils/dateContext.ts
FN:17,getDateTimeContext
FN:57,(anonymous_1)
FN:76,getWelcomeDateContext
FN:112,getOrdinalSuffix
FN:126,getISODate
FN:152,getFullSystemContext
FNF:6
FNH:0
FNDA:0,getDateTimeContext
FNDA:0,(anonymous_1)
FNDA:0,getWelcomeDateContext
FNDA:0,getOrdinalSuffix
FNDA:0,getISODate
FNDA:0,getFullSystemContext
DA:17,0
DA:18,0
DA:19,0
DA:22,0
DA:28,0
DA:36,0
DA:44,0
DA:52,0
DA:56,0
DA:57,0
DA:58,0
DA:60,0
DA:62,0
DA:63,0
DA:64,0
DA:68,0
DA:76,0
DA:77,0
DA:78,0
DA:81,0
DA:87,0
DA:92,0
DA:96,0
DA:99,0
DA:106,0
DA:113,0
DA:114,0
DA:115,0
DA:116,0
DA:117,0
DA:118,0
DA:126,0
DA:127,0
DA:128,0
DA:131,0
DA:135,0
DA:139,0
DA:144,0
DA:152,0
DA:153,0
DA:154,0
DA:156,0
DA:160,0
DA:161,0
DA:163,0
LF:45
LH:0
BRDA:19,0,0,0
BRDA:19,0,1,0
BRDA:44,1,0,0
BRDA:44,1,1,0
BRDA:60,2,0,0
BRDA:60,2,1,0
BRDA:63,3,0,0
BRDA:63,3,1,0
BRDA:78,4,0,0
BRDA:78,4,1,0
BRDA:113,5,0,0
BRDA:113,5,1,0
BRDA:113,6,0,0
BRDA:113,6,1,0
BRDA:114,7,0,0
BRDA:114,7,1,0
BRDA:114,7,2,0
BRDA:114,7,3,0
BRDA:128,8,0,0
BRDA:128,8,1,0
BRDA:154,9,0,0
BRDA:154,9,1,0
BRF:22
BRH:0
end_of_record
TN:
SF:src/utils/eventCapacity.ts
FN:8,checkIfEventFulfilled
FN:47,getRoleCapacityStatus
FN:67,(anonymous_2)
FN:90,checkRoleHasCapacity
FN:99,(anonymous_4)
FN:114,(anonymous_5)
FNF:6
FNH:0
FNDA:0,checkIfEventFulfilled
FNDA:0,getRoleCapacityStatus
FNDA:0,(anonymous_2)
FNDA:0,checkRoleHasCapacity
FNDA:0,(anonymous_4)
FNDA:0,(anonymous_5)
DA:8,0
DA:9,0
DA:10,0
DA:13,0
DA:14,0
DA:18,0
DA:19,0
DA:20,0
DA:21,0
DA:22,0
DA:27,0
DA:28,0
DA:29,0
DA:30,0
DA:33,0
DA:34,0
DA:39,0
DA:47,0
DA:54,0
DA:55,0
DA:58,0
DA:59,0
DA:60,0
DA:61,0
DA:62,0
DA:67,0
DA:68,0
DA:69,0
DA:70,0
DA:71,0
DA:72,0
DA:74,0
DA:90,0
DA:94,0
DA:95,0
DA:98,0
DA:100,0
DA:105,0
DA:106,0
DA:109,0
DA:110,0
DA:113,0
DA:114,0
DA:117,0
LF:44
LH:0
BRDA:9,0,0,0
BRDA:9,0,1,0
BRDA:10,1,0,0
BRDA:10,1,1,0
BRDA:13,2,0,0
BRDA:13,2,1,0
BRDA:20,3,0,0
BRDA:20,3,1,0
BRDA:20,4,0,0
BRDA:20,4,1,0
BRDA:22,5,0,0
BRDA:22,5,1,0
BRDA:28,6,0,0
BRDA:28,6,1,0
BRDA:29,7,0,0
BRDA:29,7,1,0
BRDA:30,8,0,0
BRDA:30,8,1,0
BRDA:33,9,0,0
BRDA:33,9,1,0
BRDA:54,10,0,0
BRDA:54,10,1,0
BRDA:55,11,0,0
BRDA:55,11,1,0
BRDA:60,12,0,0
BRDA:60,12,1,0
BRDA:60,13,0,0
BRDA:60,13,1,0
BRDA:62,14,0,0
BRDA:62,14,1,0
BRDA:68,15,0,0
BRDA:68,15,1,0
BRDA:69,16,0,0
BRDA:69,16,1,0
BRDA:70,17,0,0
BRDA:70,17,1,0
BRDA:72,18,0,0
BRDA:72,18,1,0
BRDA:94,19,0,0
BRDA:94,19,1,0
BRDA:95,20,0,0
BRDA:95,20,1,0
BRDA:100,21,0,0
BRDA:100,21,1,0
BRDA:100,21,2,0
BRDA:105,22,0,0
BRDA:105,22,1,0
BRDA:109,23,0,0
BRDA:109,23,1,0
BRDA:110,24,0,0
BRDA:110,24,1,0
BRDA:114,25,0,0
BRDA:114,25,1,0
BRF:53
BRH:0
end_of_record
TN:
SF:src/utils/inviteCodeGenerator.ts
FN:15,generateUniqueShortCode
FN:39,generateRandomCode
FN:56,isValidShortCodeFormat
FNF:3
FNH:0
FNDA:0,generateUniqueShortCode
FNDA:0,generateRandomCode
FNDA:0,isValidShortCodeFormat
DA:1,0
DA:2,0
DA:5,0
DA:6,0
DA:15,0
DA:16,0
DA:18,0
DA:19,0
DA:22,0
DA:24,0
DA:25,0
DA:31,0
DA:40,0
DA:42,0
DA:43,0
DA:44,0
DA:47,0
DA:56,0
DA:57,0
DA:58,0
DA:62,0
DA:63,0
DA:67,0
DA:68,0
DA:69,0
DA:70,0
DA:74,0
LF:27
LH:0
BRDA:24,0,0,0
BRDA:24,0,1,0
BRDA:57,1,0,0
BRDA:57,1,1,0
BRDA:57,2,0,0
BRDA:57,2,1,0
BRDA:62,3,0,0
BRDA:62,3,1,0
BRDA:69,4,0,0
BRDA:69,4,1,0
BRF:10
BRH:0
end_of_record
TN:
SF:src/utils/manager.ts
FN:9,resolveManagerForRequest
FNF:1
FNH:0
FNDA:0,resolveManagerForRequest
DA:2,0
DA:9,0
DA:10,0
DA:11,0
DA:15,0
DA:16,0
DA:20,0
DA:22,0
DA:23,0
DA:27,0
DA:28,0
DA:31,0
LF:12
LH:0
BRDA:10,0,0,0
BRDA:10,0,1,0
BRDA:10,1,0,0
BRDA:10,1,1,0
BRDA:15,2,0,0
BRDA:15,2,1,0
BRDA:22,3,0,0
BRDA:22,3,1,0
BRDA:27,4,0,0
BRDA:27,4,1,0
BRDA:27,5,0,0
BRDA:27,5,1,0
BRF:12
BRH:0
end_of_record
